{"commit":{"sha":"786e3058d20dacbc807e6e30705f58e17432738e","date":"2018-04-17T19:26:25+00:00"},"benchmarks":{"clap-rs":{"Err":"ErrorMessage { msg: \"expected success, got exit code: 101\\n\\nstderr=   Compiling clap v2.29.0 (file:///tmp/rustc-benchmark-clap-rs.Pl5uTiJSa5MS)\\nerror: unknown debugging option: `nll`\\n\\nthread \\'main\\' panicked at \\'assertion failed: cmd.status().expect(\\\"failed to spawn\\\").success()\\', collector/src/bin/rustc-fake.rs:34:9\\nnote: Run with `RUST_BACKTRACE=1` for a backtrace.\\nerror: Could not compile `clap`.\\n\\nTo learn more, run the command again with --verbose.\\n\\n\\n stdout=43536808;;instructions:u;12672186;100.00;1.06;insn per cycle\\n41155053;;cycles:u;12672186;100.00;3.248;GHz\\n12.670903;;task-clock;12670903;100.00;0.988;CPUs utilized\\n12.670879;;cpu-clock;12670903;100.00;0.988;CPUs utilized\\n540;;faults;12670903;100.00;0.043;M/sec\\n\" }\n\nstack backtrace:\n   0:     0x55deeb19322e - backtrace::backtrace::libunwind::trace::h01bc686a0973aa6d\n                        at /home/alex/.cargo/registry/src/github.com-1ecc6299db9ec823/backtrace-0.3.5/src/backtrace/libunwind.rs:53\n                         - backtrace::backtrace::trace::h4f48f1f625636bf1\n                        at /home/alex/.cargo/registry/src/github.com-1ecc6299db9ec823/backtrace-0.3.5/src/backtrace/mod.rs:42\n   1:     0x55deeb1932d3 - backtrace::capture::Backtrace::new_unresolved::hb2e5075a7ba46c01\n                        at /home/alex/.cargo/registry/src/github.com-1ecc6299db9ec823/backtrace-0.3.5/src/capture.rs:88\n   2:     0x55deeb0d5f0c - failure::backtrace::internal::InternalBacktrace::new::h2ed0a3d8cf584e39\n                        at /home/alex/.cargo/registry/src/github.com-1ecc6299db9ec823/failure-0.1.1/src/backtrace/internal.rs:44\n                         - failure::backtrace::Backtrace::new::h854e2a56e6ee82ea\n                        at /home/alex/.cargo/registry/src/github.com-1ecc6299db9ec823/failure-0.1.1/src/backtrace/mod.rs:98\n   3:     0x55deeaf131fa - <failure::error::Error as core::convert::From<F>>::from::h379712abcb95c619\n                        at /home/alex/.cargo/registry/src/github.com-1ecc6299db9ec823/failure-0.1.1/src/error.rs:34\n                         - failure::error_message::err_msg::h8e09b8a3832b838b\n                        at /home/alex/.cargo/registry/src/github.com-1ecc6299db9ec823/failure-0.1.1/src/error_message.rs:12\n                         - collector::execute::command_output::hd7cdb9a021eaa0f0\n                        at collector/src/bin/rustc-perf-collector/execute.rs:25\n   4:     0x55deeaf13fed - collector::execute::CargoProcess::run_rustc::h77441dad4493a02a\n                        at collector/src/bin/rustc-perf-collector/execute.rs:176\n   5:     0x55deeaf24dff - collector::execute::Benchmark::run::h6242f8ea51cda084\n                        at collector/src/bin/rustc-perf-collector/execute.rs:357\n                         - collector::bench_commit::hbeeee494a786c8de\n                        at collector/src/bin/rustc-perf-collector/main.rs:78\n   6:     0x55deeaf27761 - collector::process_commit::h7bff71cf51b8e095\n                        at collector/src/bin/rustc-perf-collector/main.rs:148\n   7:     0x55deeaf31029 - collector::process_commits::haf13811ecab9d75e\n                        at collector/src/bin/rustc-perf-collector/main.rs:186\n                         - collector::main_result::h9ef800870750643b\n                        at collector/src/bin/rustc-perf-collector/main.rs:270\n   8:     0x55deeaf28234 - collector::main::h5052f42f3a99ec54\n                        at collector/src/bin/rustc-perf-collector/main.rs:197\n   9:     0x55deeaef4cc5 - std::rt::lang_start::{{closure}}::hbc1691af9ce24e44\n                        at /checkout/src/libstd/rt.rs:74\n  10:     0x55deeb1b17f7 - std::rt::lang_start_internal::{{closure}}::he3cb318c47ed10cc\n                        at libstd/rt.rs:59\n                         - std::panicking::try::do_call::h89f01d582caecd50\n                        at libstd/panicking.rs:306\n  11:     0x55deeb1ca5de - __rust_maybe_catch_panic\n                        at libpanic_unwind/lib.rs:102\n  12:     0x55deeb1b0505 - std::panicking::try::hb70e3bf037be24f4\n                        at libstd/panicking.rs:285\n                         - std::panic::catch_unwind::h58f28f22efd64793\n                        at libstd/panic.rs:361\n                         - std::rt::lang_start_internal::ha183371a8b8e8d77\n                        at libstd/rt.rs:58\n  13:     0x55deeaf33c61 - main\n  14:     0x7f8748c5b82f - __libc_start_main\n  15:     0x55deeaef31d8 - _start\n  16:                0x0 - <unknown>"},"coercions":{"Err":"ErrorMessage { msg: \"expected success, got exit code: 101\\n\\nstderr=   Compiling issue-32278-big-array-of-strings v0.1.0 (file:///tmp/rustc-benchmark-coercions.juuRjupJ0JHG)\\nerror: unknown debugging option: `nll`\\n\\nthread \\'main\\' panicked at \\'assertion failed: cmd.status().expect(\\\"failed to spawn\\\").success()\\', collector/src/bin/rustc-fake.rs:34:9\\nnote: Run with `RUST_BACKTRACE=1` for a backtrace.\\nerror: Could not compile `issue-32278-big-array-of-strings`.\\n\\nTo learn more, run the command again with --verbose.\\n\\n\\n stdout=43478686;;instructions:u;12490112;100.00;1.06;insn per cycle\\n40853537;;cycles:u;12490112;100.00;3.271;GHz\\n12.488715;;task-clock;12488715;100.00;0.988;CPUs utilized\\n12.488615;;cpu-clock;12488715;100.00;0.988;CPUs utilized\\n535;;faults;12488715;100.00;0.043;M/sec\\n\" }\n\nstack backtrace:\n   0:     0x55deeb19322e - backtrace::backtrace::libunwind::trace::h01bc686a0973aa6d\n                        at /home/alex/.cargo/registry/src/github.com-1ecc6299db9ec823/backtrace-0.3.5/src/backtrace/libunwind.rs:53\n                         - backtrace::backtrace::trace::h4f48f1f625636bf1\n                        at /home/alex/.cargo/registry/src/github.com-1ecc6299db9ec823/backtrace-0.3.5/src/backtrace/mod.rs:42\n   1:     0x55deeb1932d3 - backtrace::capture::Backtrace::new_unresolved::hb2e5075a7ba46c01\n                        at /home/alex/.cargo/registry/src/github.com-1ecc6299db9ec823/backtrace-0.3.5/src/capture.rs:88\n   2:     0x55deeb0d5f0c - failure::backtrace::internal::InternalBacktrace::new::h2ed0a3d8cf584e39\n                        at /home/alex/.cargo/registry/src/github.com-1ecc6299db9ec823/failure-0.1.1/src/backtrace/internal.rs:44\n                         - failure::backtrace::Backtrace::new::h854e2a56e6ee82ea\n                        at /home/alex/.cargo/registry/src/github.com-1ecc6299db9ec823/failure-0.1.1/src/backtrace/mod.rs:98\n   3:     0x55deeaf131fa - <failure::error::Error as core::convert::From<F>>::from::h379712abcb95c619\n                        at /home/alex/.cargo/registry/src/github.com-1ecc6299db9ec823/failure-0.1.1/src/error.rs:34\n                         - failure::error_message::err_msg::h8e09b8a3832b838b\n                        at /home/alex/.cargo/registry/src/github.com-1ecc6299db9ec823/failure-0.1.1/src/error_message.rs:12\n                         - collector::execute::command_output::hd7cdb9a021eaa0f0\n                        at collector/src/bin/rustc-perf-collector/execute.rs:25\n   4:     0x55deeaf13fed - collector::execute::CargoProcess::run_rustc::h77441dad4493a02a\n                        at collector/src/bin/rustc-perf-collector/execute.rs:176\n   5:     0x55deeaf24dff - collector::execute::Benchmark::run::h6242f8ea51cda084\n                        at collector/src/bin/rustc-perf-collector/execute.rs:357\n                         - collector::bench_commit::hbeeee494a786c8de\n                        at collector/src/bin/rustc-perf-collector/main.rs:78\n   6:     0x55deeaf27761 - collector::process_commit::h7bff71cf51b8e095\n                        at collector/src/bin/rustc-perf-collector/main.rs:148\n   7:     0x55deeaf31029 - collector::process_commits::haf13811ecab9d75e\n                        at collector/src/bin/rustc-perf-collector/main.rs:186\n                         - collector::main_result::h9ef800870750643b\n                        at collector/src/bin/rustc-perf-collector/main.rs:270\n   8:     0x55deeaf28234 - collector::main::h5052f42f3a99ec54\n                        at collector/src/bin/rustc-perf-collector/main.rs:197\n   9:     0x55deeaef4cc5 - std::rt::lang_start::{{closure}}::hbc1691af9ce24e44\n                        at /checkout/src/libstd/rt.rs:74\n  10:     0x55deeb1b17f7 - std::rt::lang_start_internal::{{closure}}::he3cb318c47ed10cc\n                        at libstd/rt.rs:59\n                         - std::panicking::try::do_call::h89f01d582caecd50\n                        at libstd/panicking.rs:306\n  11:     0x55deeb1ca5de - __rust_maybe_catch_panic\n                        at libpanic_unwind/lib.rs:102\n  12:     0x55deeb1b0505 - std::panicking::try::hb70e3bf037be24f4\n                        at libstd/panicking.rs:285\n                         - std::panic::catch_unwind::h58f28f22efd64793\n                        at libstd/panic.rs:361\n                         - std::rt::lang_start_internal::ha183371a8b8e8d77\n                        at libstd/rt.rs:58\n  13:     0x55deeaf33c61 - main\n  14:     0x7f8748c5b82f - __libc_start_main\n  15:     0x55deeaef31d8 - _start\n  16:                0x0 - <unknown>"},"crates.io":{"Ok":{"runs":[{"stats":[{"name":"task-clock","cnt":7479.414023},{"name":"wall-time","cnt":7.512210374},{"name":"instructions:u","cnt":40162865959.0},{"name":"cpu-clock","cnt":7479.416273},{"name":"max-rss","cnt":414512.0},{"name":"cycles:u","cnt":29164937964.0},{"name":"faults","cnt":84638.0}],"check":true,"release":false,"state":"Clean"},{"stats":[{"name":"task-clock","cnt":8785.67575},{"name":"instructions:u","cnt":46576912734.0},{"name":"faults","cnt":127132.0},{"name":"wall-time","cnt":8.829860225},{"name":"cpu-clock","cnt":8785.6783},{"name":"cycles:u","cnt":34245322651.0},{"name":"max-rss","cnt":581244.0}],"check":true,"release":false,"state":"IncrementalStart"},{"stats":[{"name":"instructions:u","cnt":13967734035.0},{"name":"cycles:u","cnt":11330253301.0},{"name":"max-rss","cnt":562920.0},{"name":"task-clock","cnt":3060.251889},{"name":"cpu-clock","cnt":3060.2543},{"name":"wall-time","cnt":3.014075614},{"name":"faults","cnt":125497.0}],"check":true,"release":false,"state":"IncrementalClean"},{"stats":[{"name":"cpu-clock","cnt":3127.83784},{"name":"wall-time","cnt":3.090900143},{"name":"faults","cnt":125309.0},{"name":"max-rss","cnt":559760.0},{"name":"instructions:u","cnt":14571941604.0},{"name":"task-clock","cnt":3127.835939},{"name":"cycles:u","cnt":11593334706.0}],"check":true,"release":false,"state":{"IncrementalPatched":{"index":0,"name":"println","path":"0-println.patch"}}},{"stats":[{"name":"wall-time","cnt":15.45800231},{"name":"faults","cnt":375666.0},{"name":"max-rss","cnt":780136.0},{"name":"instructions:u","cnt":134147745183.0},{"name":"task-clock","cnt":33873.026749},{"name":"cpu-clock","cnt":33873.074888},{"name":"cycles:u","cnt":127552213986.0}],"check":false,"release":false,"state":"Clean"},{"stats":[{"name":"max-rss","cnt":918676.0},{"name":"wall-time","cnt":17.591618268},{"name":"faults","cnt":410390.0},{"name":"cycles:u","cnt":145693188463.0},{"name":"cpu-clock","cnt":38690.969668},{"name":"instructions:u","cnt":149514908970.0},{"name":"task-clock","cnt":38690.889054}],"check":false,"release":false,"state":"IncrementalStart"},{"stats":[{"name":"instructions:u","cnt":19618660776.0},{"name":"max-rss","cnt":863192.0},{"name":"cpu-clock","cnt":4472.088986},{"name":"faults","cnt":183825.0},{"name":"wall-time","cnt":4.367676978},{"name":"cycles:u","cnt":16352418286.0},{"name":"task-clock","cnt":4472.258851}],"check":false,"release":false,"state":"IncrementalClean"},{"stats":[{"name":"max-rss","cnt":914216.0},{"name":"wall-time","cnt":6.203255355},{"name":"cpu-clock","cnt":10500.360269},{"name":"faults","cnt":262066.0},{"name":"task-clock","cnt":10500.497361},{"name":"cycles:u","cnt":39041512467.0},{"name":"instructions:u","cnt":41349878647.0}],"check":false,"release":false,"state":{"IncrementalPatched":{"index":0,"name":"println","path":"0-println.patch"}}},{"stats":[{"name":"cpu-clock","cnt":155591.538346},{"name":"task-clock","cnt":155591.412368},{"name":"faults","cnt":564045.0},{"name":"max-rss","cnt":740408.0},{"name":"instructions:u","cnt":471139869500.0},{"name":"wall-time","cnt":32.534236414},{"name":"cycles:u","cnt":586890043576.0}],"check":false,"release":true,"state":"Clean"},{"stats":[{"name":"instructions:u","cnt":325192335675.0},{"name":"cycles:u","cnt":424753574192.0},{"name":"wall-time","cnt":24.518466939},{"name":"faults","cnt":419371.0},{"name":"cpu-clock","cnt":112665.164004},{"name":"max-rss","cnt":892180.0},{"name":"task-clock","cnt":112664.985997}],"check":false,"release":true,"state":"IncrementalStart"},{"stats":[{"name":"max-rss","cnt":822244.0},{"name":"cpu-clock","cnt":4302.484091},{"name":"cycles:u","cnt":15993336607.0},{"name":"task-clock","cnt":4302.587279},{"name":"instructions:u","cnt":18960364123.0},{"name":"wall-time","cnt":4.177106684},{"name":"faults","cnt":184584.0}],"check":false,"release":true,"state":"IncrementalClean"},{"stats":[{"name":"faults","cnt":213684.0},{"name":"cycles:u","cnt":43021874248.0},{"name":"cpu-clock","cnt":11338.418996},{"name":"instructions:u","cnt":44582345772.0},{"name":"max-rss","cnt":865960.0},{"name":"wall-time","cnt":7.575741435},{"name":"task-clock","cnt":11338.481011}],"check":false,"release":true,"state":{"IncrementalPatched":{"index":0,"name":"println","path":"0-println.patch"}}}],"name":"crates.io"}},"deep-vector":{"Err":"ErrorMessage { msg: \"expected success, got exit code: 101\\n\\nstderr=   Compiling issue-20936-deep-vector v0.1.0 (file:///tmp/rustc-benchmark-deep-vector.VbCDsjxVuxmn)\\nerror: unknown debugging option: `nll`\\n\\nthread \\'main\\' panicked at \\'assertion failed: cmd.status().expect(\\\"failed to spawn\\\").success()\\', collector/src/bin/rustc-fake.rs:34:9\\nnote: Run with `RUST_BACKTRACE=1` for a backtrace.\\nerror: Could not compile `issue-20936-deep-vector`.\\n\\nTo learn more, run the command again with --verbose.\\n\\n\\n stdout=43477971;;instructions:u;12563058;100.00;1.06;insn per cycle\\n41084399;;cycles:u;12563058;100.00;3.270;GHz\\n12.562146;;task-clock;12562146;100.00;0.988;CPUs utilized\\n12.562091;;cpu-clock;12562146;100.00;0.988;CPUs utilized\\n540;;faults;12562146;100.00;0.043;M/sec\\n\" }\n\nstack backtrace:\n   0:     0x55deeb19322e - backtrace::backtrace::libunwind::trace::h01bc686a0973aa6d\n                        at /home/alex/.cargo/registry/src/github.com-1ecc6299db9ec823/backtrace-0.3.5/src/backtrace/libunwind.rs:53\n                         - backtrace::backtrace::trace::h4f48f1f625636bf1\n                        at /home/alex/.cargo/registry/src/github.com-1ecc6299db9ec823/backtrace-0.3.5/src/backtrace/mod.rs:42\n   1:     0x55deeb1932d3 - backtrace::capture::Backtrace::new_unresolved::hb2e5075a7ba46c01\n                        at /home/alex/.cargo/registry/src/github.com-1ecc6299db9ec823/backtrace-0.3.5/src/capture.rs:88\n   2:     0x55deeb0d5f0c - failure::backtrace::internal::InternalBacktrace::new::h2ed0a3d8cf584e39\n                        at /home/alex/.cargo/registry/src/github.com-1ecc6299db9ec823/failure-0.1.1/src/backtrace/internal.rs:44\n                         - failure::backtrace::Backtrace::new::h854e2a56e6ee82ea\n                        at /home/alex/.cargo/registry/src/github.com-1ecc6299db9ec823/failure-0.1.1/src/backtrace/mod.rs:98\n   3:     0x55deeaf131fa - <failure::error::Error as core::convert::From<F>>::from::h379712abcb95c619\n                        at /home/alex/.cargo/registry/src/github.com-1ecc6299db9ec823/failure-0.1.1/src/error.rs:34\n                         - failure::error_message::err_msg::h8e09b8a3832b838b\n                        at /home/alex/.cargo/registry/src/github.com-1ecc6299db9ec823/failure-0.1.1/src/error_message.rs:12\n                         - collector::execute::command_output::hd7cdb9a021eaa0f0\n                        at collector/src/bin/rustc-perf-collector/execute.rs:25\n   4:     0x55deeaf13fed - collector::execute::CargoProcess::run_rustc::h77441dad4493a02a\n                        at collector/src/bin/rustc-perf-collector/execute.rs:176\n   5:     0x55deeaf24dff - collector::execute::Benchmark::run::h6242f8ea51cda084\n                        at collector/src/bin/rustc-perf-collector/execute.rs:357\n                         - collector::bench_commit::hbeeee494a786c8de\n                        at collector/src/bin/rustc-perf-collector/main.rs:78\n   6:     0x55deeaf27761 - collector::process_commit::h7bff71cf51b8e095\n                        at collector/src/bin/rustc-perf-collector/main.rs:148\n   7:     0x55deeaf31029 - collector::process_commits::haf13811ecab9d75e\n                        at collector/src/bin/rustc-perf-collector/main.rs:186\n                         - collector::main_result::h9ef800870750643b\n                        at collector/src/bin/rustc-perf-collector/main.rs:270\n   8:     0x55deeaf28234 - collector::main::h5052f42f3a99ec54\n                        at collector/src/bin/rustc-perf-collector/main.rs:197\n   9:     0x55deeaef4cc5 - std::rt::lang_start::{{closure}}::hbc1691af9ce24e44\n                        at /checkout/src/libstd/rt.rs:74\n  10:     0x55deeb1b17f7 - std::rt::lang_start_internal::{{closure}}::he3cb318c47ed10cc\n                        at libstd/rt.rs:59\n                         - std::panicking::try::do_call::h89f01d582caecd50\n                        at libstd/panicking.rs:306\n  11:     0x55deeb1ca5de - __rust_maybe_catch_panic\n                        at libpanic_unwind/lib.rs:102\n  12:     0x55deeb1b0505 - std::panicking::try::hb70e3bf037be24f4\n                        at libstd/panicking.rs:285\n                         - std::panic::catch_unwind::h58f28f22efd64793\n                        at libstd/panic.rs:361\n                         - std::rt::lang_start_internal::ha183371a8b8e8d77\n                        at libstd/rt.rs:58\n  13:     0x55deeaf33c61 - main\n  14:     0x7f8748c5b82f - __libc_start_main\n  15:     0x55deeaef31d8 - _start\n  16:                0x0 - <unknown>"},"deeply-nested":{"Err":"ErrorMessage { msg: \"expected success, got exit code: 101\\n\\nstderr=   Compiling deeply-nested v0.1.0 (file:///tmp/rustc-benchmark-deeply-nested.hUFL1Er8Oic6)\\nerror: unknown debugging option: `nll`\\n\\nthread \\'main\\' panicked at \\'assertion failed: cmd.status().expect(\\\"failed to spawn\\\").success()\\', collector/src/bin/rustc-fake.rs:34:9\\nnote: Run with `RUST_BACKTRACE=1` for a backtrace.\\nerror: Could not compile `deeply-nested`.\\n\\nTo learn more, run the command again with --verbose.\\n\\n\\n stdout=43477197;;instructions:u;12656600;100.00;1.06;insn per cycle\\n40893703;;cycles:u;12656600;100.00;3.231;GHz\\n12.655395;;task-clock;12655395;100.00;0.988;CPUs utilized\\n12.655460;;cpu-clock;12655395;100.00;0.988;CPUs utilized\\n536;;faults;12655395;100.00;0.042;M/sec\\n\" }\n\nstack backtrace:\n   0:     0x55deeb19322e - backtrace::backtrace::libunwind::trace::h01bc686a0973aa6d\n                        at /home/alex/.cargo/registry/src/github.com-1ecc6299db9ec823/backtrace-0.3.5/src/backtrace/libunwind.rs:53\n                         - backtrace::backtrace::trace::h4f48f1f625636bf1\n                        at /home/alex/.cargo/registry/src/github.com-1ecc6299db9ec823/backtrace-0.3.5/src/backtrace/mod.rs:42\n   1:     0x55deeb1932d3 - backtrace::capture::Backtrace::new_unresolved::hb2e5075a7ba46c01\n                        at /home/alex/.cargo/registry/src/github.com-1ecc6299db9ec823/backtrace-0.3.5/src/capture.rs:88\n   2:     0x55deeb0d5f0c - failure::backtrace::internal::InternalBacktrace::new::h2ed0a3d8cf584e39\n                        at /home/alex/.cargo/registry/src/github.com-1ecc6299db9ec823/failure-0.1.1/src/backtrace/internal.rs:44\n                         - failure::backtrace::Backtrace::new::h854e2a56e6ee82ea\n                        at /home/alex/.cargo/registry/src/github.com-1ecc6299db9ec823/failure-0.1.1/src/backtrace/mod.rs:98\n   3:     0x55deeaf131fa - <failure::error::Error as core::convert::From<F>>::from::h379712abcb95c619\n                        at /home/alex/.cargo/registry/src/github.com-1ecc6299db9ec823/failure-0.1.1/src/error.rs:34\n                         - failure::error_message::err_msg::h8e09b8a3832b838b\n                        at /home/alex/.cargo/registry/src/github.com-1ecc6299db9ec823/failure-0.1.1/src/error_message.rs:12\n                         - collector::execute::command_output::hd7cdb9a021eaa0f0\n                        at collector/src/bin/rustc-perf-collector/execute.rs:25\n   4:     0x55deeaf13fed - collector::execute::CargoProcess::run_rustc::h77441dad4493a02a\n                        at collector/src/bin/rustc-perf-collector/execute.rs:176\n   5:     0x55deeaf24dff - collector::execute::Benchmark::run::h6242f8ea51cda084\n                        at collector/src/bin/rustc-perf-collector/execute.rs:357\n                         - collector::bench_commit::hbeeee494a786c8de\n                        at collector/src/bin/rustc-perf-collector/main.rs:78\n   6:     0x55deeaf27761 - collector::process_commit::h7bff71cf51b8e095\n                        at collector/src/bin/rustc-perf-collector/main.rs:148\n   7:     0x55deeaf31029 - collector::process_commits::haf13811ecab9d75e\n                        at collector/src/bin/rustc-perf-collector/main.rs:186\n                         - collector::main_result::h9ef800870750643b\n                        at collector/src/bin/rustc-perf-collector/main.rs:270\n   8:     0x55deeaf28234 - collector::main::h5052f42f3a99ec54\n                        at collector/src/bin/rustc-perf-collector/main.rs:197\n   9:     0x55deeaef4cc5 - std::rt::lang_start::{{closure}}::hbc1691af9ce24e44\n                        at /checkout/src/libstd/rt.rs:74\n  10:     0x55deeb1b17f7 - std::rt::lang_start_internal::{{closure}}::he3cb318c47ed10cc\n                        at libstd/rt.rs:59\n                         - std::panicking::try::do_call::h89f01d582caecd50\n                        at libstd/panicking.rs:306\n  11:     0x55deeb1ca5de - __rust_maybe_catch_panic\n                        at libpanic_unwind/lib.rs:102\n  12:     0x55deeb1b0505 - std::panicking::try::hb70e3bf037be24f4\n                        at libstd/panicking.rs:285\n                         - std::panic::catch_unwind::h58f28f22efd64793\n                        at libstd/panic.rs:361\n                         - std::rt::lang_start_internal::ha183371a8b8e8d77\n                        at libstd/rt.rs:58\n  13:     0x55deeaf33c61 - main\n  14:     0x7f8748c5b82f - __libc_start_main\n  15:     0x55deeaef31d8 - _start\n  16:                0x0 - <unknown>"},"encoding":{"Err":"ErrorMessage { msg: \"expected success, got exit code: 101\\n\\nstderr=   Compiling encoding-types v0.2.0 (file:///tmp/rustc-benchmark-encoding.FN7ldRIoR1r5/src/types)\\n   Compiling encoding_index_tests v0.1.5 (file:///tmp/rustc-benchmark-encoding.FN7ldRIoR1r5/src/index/tests)\\n   Compiling encoding-index-korean v1.20141219.6 (file:///tmp/rustc-benchmark-encoding.FN7ldRIoR1r5/src/index/korean)\\n   Compiling encoding-index-singlebyte v1.20160120.0 (file:///tmp/rustc-benchmark-encoding.FN7ldRIoR1r5/src/index/singlebyte)\\n   Compiling encoding-index-simpchinese v1.20160120.0 (file:///tmp/rustc-benchmark-encoding.FN7ldRIoR1r5/src/index/simpchinese)\\n   Compiling encoding-index-tradchinese v1.20141219.6 (file:///tmp/rustc-benchmark-encoding.FN7ldRIoR1r5/src/index/tradchinese)\\n   Compiling encoding-index-japanese v1.20141219.6 (file:///tmp/rustc-benchmark-encoding.FN7ldRIoR1r5/src/index/japanese)\\n   Compiling encoding v0.3.0-dev (file:///tmp/rustc-benchmark-encoding.FN7ldRIoR1r5)\\nerror: unknown debugging option: `nll`\\n\\nthread \\'main\\' panicked at \\'assertion failed: cmd.status().expect(\\\"failed to spawn\\\").success()\\', collector/src/bin/rustc-fake.rs:34:9\\nnote: Run with `RUST_BACKTRACE=1` for a backtrace.\\nerror: Could not compile `encoding`.\\n\\nTo learn more, run the command again with --verbose.\\n\\n\\n stdout=43497771;;instructions:u;12497061;100.00;1.06;insn per cycle\\n41008128;;cycles:u;12497061;100.00;3.282;GHz\\n12.496152;;task-clock;12496152;100.00;0.988;CPUs utilized\\n12.496127;;cpu-clock;12496152;100.00;0.988;CPUs utilized\\n538;;faults;12496152;100.00;0.043;M/sec\\n\" }\n\nstack backtrace:\n   0:     0x55deeb19322e - backtrace::backtrace::libunwind::trace::h01bc686a0973aa6d\n                        at /home/alex/.cargo/registry/src/github.com-1ecc6299db9ec823/backtrace-0.3.5/src/backtrace/libunwind.rs:53\n                         - backtrace::backtrace::trace::h4f48f1f625636bf1\n                        at /home/alex/.cargo/registry/src/github.com-1ecc6299db9ec823/backtrace-0.3.5/src/backtrace/mod.rs:42\n   1:     0x55deeb1932d3 - backtrace::capture::Backtrace::new_unresolved::hb2e5075a7ba46c01\n                        at /home/alex/.cargo/registry/src/github.com-1ecc6299db9ec823/backtrace-0.3.5/src/capture.rs:88\n   2:     0x55deeb0d5f0c - failure::backtrace::internal::InternalBacktrace::new::h2ed0a3d8cf584e39\n                        at /home/alex/.cargo/registry/src/github.com-1ecc6299db9ec823/failure-0.1.1/src/backtrace/internal.rs:44\n                         - failure::backtrace::Backtrace::new::h854e2a56e6ee82ea\n                        at /home/alex/.cargo/registry/src/github.com-1ecc6299db9ec823/failure-0.1.1/src/backtrace/mod.rs:98\n   3:     0x55deeaf131fa - <failure::error::Error as core::convert::From<F>>::from::h379712abcb95c619\n                        at /home/alex/.cargo/registry/src/github.com-1ecc6299db9ec823/failure-0.1.1/src/error.rs:34\n                         - failure::error_message::err_msg::h8e09b8a3832b838b\n                        at /home/alex/.cargo/registry/src/github.com-1ecc6299db9ec823/failure-0.1.1/src/error_message.rs:12\n                         - collector::execute::command_output::hd7cdb9a021eaa0f0\n                        at collector/src/bin/rustc-perf-collector/execute.rs:25\n   4:     0x55deeaf13fed - collector::execute::CargoProcess::run_rustc::h77441dad4493a02a\n                        at collector/src/bin/rustc-perf-collector/execute.rs:176\n   5:     0x55deeaf24dff - collector::execute::Benchmark::run::h6242f8ea51cda084\n                        at collector/src/bin/rustc-perf-collector/execute.rs:357\n                         - collector::bench_commit::hbeeee494a786c8de\n                        at collector/src/bin/rustc-perf-collector/main.rs:78\n   6:     0x55deeaf27761 - collector::process_commit::h7bff71cf51b8e095\n                        at collector/src/bin/rustc-perf-collector/main.rs:148\n   7:     0x55deeaf31029 - collector::process_commits::haf13811ecab9d75e\n                        at collector/src/bin/rustc-perf-collector/main.rs:186\n                         - collector::main_result::h9ef800870750643b\n                        at collector/src/bin/rustc-perf-collector/main.rs:270\n   8:     0x55deeaf28234 - collector::main::h5052f42f3a99ec54\n                        at collector/src/bin/rustc-perf-collector/main.rs:197\n   9:     0x55deeaef4cc5 - std::rt::lang_start::{{closure}}::hbc1691af9ce24e44\n                        at /checkout/src/libstd/rt.rs:74\n  10:     0x55deeb1b17f7 - std::rt::lang_start_internal::{{closure}}::he3cb318c47ed10cc\n                        at libstd/rt.rs:59\n                         - std::panicking::try::do_call::h89f01d582caecd50\n                        at libstd/panicking.rs:306\n  11:     0x55deeb1ca5de - __rust_maybe_catch_panic\n                        at libpanic_unwind/lib.rs:102\n  12:     0x55deeb1b0505 - std::panicking::try::hb70e3bf037be24f4\n                        at libstd/panicking.rs:285\n                         - std::panic::catch_unwind::h58f28f22efd64793\n                        at libstd/panic.rs:361\n                         - std::rt::lang_start_internal::ha183371a8b8e8d77\n                        at libstd/rt.rs:58\n  13:     0x55deeaf33c61 - main\n  14:     0x7f8748c5b82f - __libc_start_main\n  15:     0x55deeaef31d8 - _start\n  16:                0x0 - <unknown>"},"futures":{"Err":"ErrorMessage { msg: \"expected success, got exit code: 101\\n\\nstderr=warning: package replacement is not used: https://github.com/rust-lang/crates.io-index#openssl:0.7.14\\n   Compiling futures v0.1.0 (file:///tmp/rustc-benchmark-futures.MjjKmV0JzH1s)\\nerror: unknown debugging option: `nll`\\n\\nthread \\'main\\' panicked at \\'assertion failed: cmd.status().expect(\\\"failed to spawn\\\").success()\\', collector/src/bin/rustc-fake.rs:34:9\\nnote: Run with `RUST_BACKTRACE=1` for a backtrace.\\nerror: Could not compile `futures`.\\n\\nTo learn more, run the command again with --verbose.\\n\\n\\n stdout=43482080;;instructions:u;12498653;100.00;1.06;insn per cycle\\n40965208;;cycles:u;12498653;100.00;3.278;GHz\\n12.497488;;task-clock;12497488;100.00;0.987;CPUs utilized\\n12.497483;;cpu-clock;12497488;100.00;0.987;CPUs utilized\\n532;;faults;12497488;100.00;0.043;M/sec\\n\" }\n\nstack backtrace:\n   0:     0x55deeb19322e - backtrace::backtrace::libunwind::trace::h01bc686a0973aa6d\n                        at /home/alex/.cargo/registry/src/github.com-1ecc6299db9ec823/backtrace-0.3.5/src/backtrace/libunwind.rs:53\n                         - backtrace::backtrace::trace::h4f48f1f625636bf1\n                        at /home/alex/.cargo/registry/src/github.com-1ecc6299db9ec823/backtrace-0.3.5/src/backtrace/mod.rs:42\n   1:     0x55deeb1932d3 - backtrace::capture::Backtrace::new_unresolved::hb2e5075a7ba46c01\n                        at /home/alex/.cargo/registry/src/github.com-1ecc6299db9ec823/backtrace-0.3.5/src/capture.rs:88\n   2:     0x55deeb0d5f0c - failure::backtrace::internal::InternalBacktrace::new::h2ed0a3d8cf584e39\n                        at /home/alex/.cargo/registry/src/github.com-1ecc6299db9ec823/failure-0.1.1/src/backtrace/internal.rs:44\n                         - failure::backtrace::Backtrace::new::h854e2a56e6ee82ea\n                        at /home/alex/.cargo/registry/src/github.com-1ecc6299db9ec823/failure-0.1.1/src/backtrace/mod.rs:98\n   3:     0x55deeaf131fa - <failure::error::Error as core::convert::From<F>>::from::h379712abcb95c619\n                        at /home/alex/.cargo/registry/src/github.com-1ecc6299db9ec823/failure-0.1.1/src/error.rs:34\n                         - failure::error_message::err_msg::h8e09b8a3832b838b\n                        at /home/alex/.cargo/registry/src/github.com-1ecc6299db9ec823/failure-0.1.1/src/error_message.rs:12\n                         - collector::execute::command_output::hd7cdb9a021eaa0f0\n                        at collector/src/bin/rustc-perf-collector/execute.rs:25\n   4:     0x55deeaf13fed - collector::execute::CargoProcess::run_rustc::h77441dad4493a02a\n                        at collector/src/bin/rustc-perf-collector/execute.rs:176\n   5:     0x55deeaf24dff - collector::execute::Benchmark::run::h6242f8ea51cda084\n                        at collector/src/bin/rustc-perf-collector/execute.rs:357\n                         - collector::bench_commit::hbeeee494a786c8de\n                        at collector/src/bin/rustc-perf-collector/main.rs:78\n   6:     0x55deeaf27761 - collector::process_commit::h7bff71cf51b8e095\n                        at collector/src/bin/rustc-perf-collector/main.rs:148\n   7:     0x55deeaf31029 - collector::process_commits::haf13811ecab9d75e\n                        at collector/src/bin/rustc-perf-collector/main.rs:186\n                         - collector::main_result::h9ef800870750643b\n                        at collector/src/bin/rustc-perf-collector/main.rs:270\n   8:     0x55deeaf28234 - collector::main::h5052f42f3a99ec54\n                        at collector/src/bin/rustc-perf-collector/main.rs:197\n   9:     0x55deeaef4cc5 - std::rt::lang_start::{{closure}}::hbc1691af9ce24e44\n                        at /checkout/src/libstd/rt.rs:74\n  10:     0x55deeb1b17f7 - std::rt::lang_start_internal::{{closure}}::he3cb318c47ed10cc\n                        at libstd/rt.rs:59\n                         - std::panicking::try::do_call::h89f01d582caecd50\n                        at libstd/panicking.rs:306\n  11:     0x55deeb1ca5de - __rust_maybe_catch_panic\n                        at libpanic_unwind/lib.rs:102\n  12:     0x55deeb1b0505 - std::panicking::try::hb70e3bf037be24f4\n                        at libstd/panicking.rs:285\n                         - std::panic::catch_unwind::h58f28f22efd64793\n                        at libstd/panic.rs:361\n                         - std::rt::lang_start_internal::ha183371a8b8e8d77\n                        at libstd/rt.rs:58\n  13:     0x55deeaf33c61 - main\n  14:     0x7f8748c5b82f - __libc_start_main\n  15:     0x55deeaef31d8 - _start\n  16:                0x0 - <unknown>"},"helloworld":{"Err":"ErrorMessage { msg: \"expected success, got exit code: 101\\n\\nstderr=   Compiling helloworld v0.1.0 (file:///tmp/rustc-benchmark-helloworld.Uc1pGlkgb4xV)\\nerror: unknown debugging option: `nll`\\n\\nthread \\'main\\' panicked at \\'assertion failed: cmd.status().expect(\\\"failed to spawn\\\").success()\\', collector/src/bin/rustc-fake.rs:34:9\\nnote: Run with `RUST_BACKTRACE=1` for a backtrace.\\nerror: Could not compile `helloworld`.\\n\\nTo learn more, run the command again with --verbose.\\n\\n\\n stdout=43474085;;instructions:u;12580624;100.00;1.06;insn per cycle\\n40836778;;cycles:u;12580624;100.00;3.246;GHz\\n12.579585;;task-clock;12579585;100.00;0.988;CPUs utilized\\n12.579624;;cpu-clock;12579585;100.00;0.988;CPUs utilized\\n533;;faults;12579585;100.00;0.042;M/sec\\n\" }\n\nstack backtrace:\n   0:     0x55deeb19322e - backtrace::backtrace::libunwind::trace::h01bc686a0973aa6d\n                        at /home/alex/.cargo/registry/src/github.com-1ecc6299db9ec823/backtrace-0.3.5/src/backtrace/libunwind.rs:53\n                         - backtrace::backtrace::trace::h4f48f1f625636bf1\n                        at /home/alex/.cargo/registry/src/github.com-1ecc6299db9ec823/backtrace-0.3.5/src/backtrace/mod.rs:42\n   1:     0x55deeb1932d3 - backtrace::capture::Backtrace::new_unresolved::hb2e5075a7ba46c01\n                        at /home/alex/.cargo/registry/src/github.com-1ecc6299db9ec823/backtrace-0.3.5/src/capture.rs:88\n   2:     0x55deeb0d5f0c - failure::backtrace::internal::InternalBacktrace::new::h2ed0a3d8cf584e39\n                        at /home/alex/.cargo/registry/src/github.com-1ecc6299db9ec823/failure-0.1.1/src/backtrace/internal.rs:44\n                         - failure::backtrace::Backtrace::new::h854e2a56e6ee82ea\n                        at /home/alex/.cargo/registry/src/github.com-1ecc6299db9ec823/failure-0.1.1/src/backtrace/mod.rs:98\n   3:     0x55deeaf131fa - <failure::error::Error as core::convert::From<F>>::from::h379712abcb95c619\n                        at /home/alex/.cargo/registry/src/github.com-1ecc6299db9ec823/failure-0.1.1/src/error.rs:34\n                         - failure::error_message::err_msg::h8e09b8a3832b838b\n                        at /home/alex/.cargo/registry/src/github.com-1ecc6299db9ec823/failure-0.1.1/src/error_message.rs:12\n                         - collector::execute::command_output::hd7cdb9a021eaa0f0\n                        at collector/src/bin/rustc-perf-collector/execute.rs:25\n   4:     0x55deeaf13fed - collector::execute::CargoProcess::run_rustc::h77441dad4493a02a\n                        at collector/src/bin/rustc-perf-collector/execute.rs:176\n   5:     0x55deeaf24dff - collector::execute::Benchmark::run::h6242f8ea51cda084\n                        at collector/src/bin/rustc-perf-collector/execute.rs:357\n                         - collector::bench_commit::hbeeee494a786c8de\n                        at collector/src/bin/rustc-perf-collector/main.rs:78\n   6:     0x55deeaf27761 - collector::process_commit::h7bff71cf51b8e095\n                        at collector/src/bin/rustc-perf-collector/main.rs:148\n   7:     0x55deeaf31029 - collector::process_commits::haf13811ecab9d75e\n                        at collector/src/bin/rustc-perf-collector/main.rs:186\n                         - collector::main_result::h9ef800870750643b\n                        at collector/src/bin/rustc-perf-collector/main.rs:270\n   8:     0x55deeaf28234 - collector::main::h5052f42f3a99ec54\n                        at collector/src/bin/rustc-perf-collector/main.rs:197\n   9:     0x55deeaef4cc5 - std::rt::lang_start::{{closure}}::hbc1691af9ce24e44\n                        at /checkout/src/libstd/rt.rs:74\n  10:     0x55deeb1b17f7 - std::rt::lang_start_internal::{{closure}}::he3cb318c47ed10cc\n                        at libstd/rt.rs:59\n                         - std::panicking::try::do_call::h89f01d582caecd50\n                        at libstd/panicking.rs:306\n  11:     0x55deeb1ca5de - __rust_maybe_catch_panic\n                        at libpanic_unwind/lib.rs:102\n  12:     0x55deeb1b0505 - std::panicking::try::hb70e3bf037be24f4\n                        at libstd/panicking.rs:285\n                         - std::panic::catch_unwind::h58f28f22efd64793\n                        at libstd/panic.rs:361\n                         - std::rt::lang_start_internal::ha183371a8b8e8d77\n                        at libstd/rt.rs:58\n  13:     0x55deeaf33c61 - main\n  14:     0x7f8748c5b82f - __libc_start_main\n  15:     0x55deeaef31d8 - _start\n  16:                0x0 - <unknown>"},"html5ever":{"Ok":{"runs":[{"stats":[{"name":"task-clock","cnt":1962.066029},{"name":"cycles:u","cnt":7603022173.0},{"name":"wall-time","cnt":1.987488402},{"name":"faults","cnt":43746.0},{"name":"max-rss","cnt":233904.0},{"name":"instructions:u","cnt":11462031725.0},{"name":"cpu-clock","cnt":1962.06591}],"check":true,"release":false,"state":"Clean"},{"stats":[{"name":"faults","cnt":58486.0},{"name":"cpu-clock","cnt":2415.30903},{"name":"cycles:u","cnt":9338640678.0},{"name":"instructions:u","cnt":14514572608.0},{"name":"max-rss","cnt":278396.0},{"name":"task-clock","cnt":2415.298985},{"name":"wall-time","cnt":2.438869894}],"check":true,"release":false,"state":"IncrementalStart"},{"stats":[{"name":"cpu-clock","cnt":1008.869254},{"name":"wall-time","cnt":1.020793062},{"name":"instructions:u","cnt":6138688959.0},{"name":"cycles:u","cnt":3766415434.0},{"name":"max-rss","cnt":264360.0},{"name":"task-clock","cnt":1008.869403},{"name":"faults","cnt":51300.0}],"check":true,"release":false,"state":"IncrementalClean"},{"stats":[{"name":"instructions:u","cnt":19269635193.0},{"name":"max-rss","cnt":276380.0},{"name":"task-clock","cnt":3453.360477},{"name":"faults","cnt":61525.0},{"name":"wall-time","cnt":2.800914559},{"name":"cycles:u","cnt":13212404926.0},{"name":"cpu-clock","cnt":3453.377246}],"check":false,"release":false,"state":"Clean"},{"stats":[{"name":"max-rss","cnt":343492.0},{"name":"faults","cnt":79678.0},{"name":"wall-time","cnt":3.352685062},{"name":"instructions:u","cnt":23407759960.0},{"name":"task-clock","cnt":4125.642706},{"name":"cycles:u","cnt":15744746847.0},{"name":"cpu-clock","cnt":4125.663519}],"check":false,"release":false,"state":"IncrementalStart"},{"stats":[{"name":"wall-time","cnt":1.180383716},{"name":"instructions:u","cnt":6807397159.0},{"name":"task-clock","cnt":1189.350595},{"name":"cpu-clock","cnt":1189.342146},{"name":"max-rss","cnt":311688.0},{"name":"faults","cnt":63958.0},{"name":"cycles:u","cnt":4353961774.0}],"check":false,"release":false,"state":"IncrementalClean"},{"stats":[{"name":"wall-time","cnt":3.712324394},{"name":"max-rss","cnt":282996.0},{"name":"cycles:u","cnt":34786890607.0},{"name":"cpu-clock","cnt":9282.926369},{"name":"task-clock","cnt":9282.909931},{"name":"instructions:u","cnt":35148268568.0},{"name":"faults","cnt":106167.0}],"check":false,"release":true,"state":"Clean"},{"stats":[{"name":"instructions:u","cnt":31851571107.0},{"name":"task-clock","cnt":7661.80065},{"name":"cpu-clock","cnt":7661.803235},{"name":"faults","cnt":86443.0},{"name":"cycles:u","cnt":29088754589.0},{"name":"max-rss","cnt":346508.0},{"name":"wall-time","cnt":3.78513918}],"check":false,"release":true,"state":"IncrementalStart"},{"stats":[{"name":"max-rss","cnt":305920.0},{"name":"instructions:u","cnt":6822550380.0},{"name":"cpu-clock","cnt":1189.46663},{"name":"cycles:u","cnt":4348706079.0},{"name":"task-clock","cnt":1189.486155},{"name":"wall-time","cnt":1.171064783},{"name":"faults","cnt":65685.0}],"check":false,"release":true,"state":"IncrementalClean"}],"name":"html5ever"}},"hyper":{"Err":"ErrorMessage { msg: \"expected success, got exit code: 101\\n\\nstderr=   Compiling hyper v0.5.0 (file:///tmp/rustc-benchmark-hyper.DTqp4qEdU355)\\nerror: unknown debugging option: `nll`\\n\\nthread \\'main\\' panicked at \\'assertion failed: cmd.status().expect(\\\"failed to spawn\\\").success()\\', collector/src/bin/rustc-fake.rs:34:9\\nnote: Run with `RUST_BACKTRACE=1` for a backtrace.\\nerror: Could not compile `hyper`.\\n\\nTo learn more, run the command again with --verbose.\\n\\n\\n stdout=43522974;;instructions:u;12475148;100.00;1.07;insn per cycle\\n40841906;;cycles:u;12475148;100.00;3.274;GHz\\n12.473574;;task-clock;12473574;100.00;0.987;CPUs utilized\\n12.473541;;cpu-clock;12473574;100.00;0.987;CPUs utilized\\n534;;faults;12473574;100.00;0.043;M/sec\\n\" }\n\nstack backtrace:\n   0:     0x55deeb19322e - backtrace::backtrace::libunwind::trace::h01bc686a0973aa6d\n                        at /home/alex/.cargo/registry/src/github.com-1ecc6299db9ec823/backtrace-0.3.5/src/backtrace/libunwind.rs:53\n                         - backtrace::backtrace::trace::h4f48f1f625636bf1\n                        at /home/alex/.cargo/registry/src/github.com-1ecc6299db9ec823/backtrace-0.3.5/src/backtrace/mod.rs:42\n   1:     0x55deeb1932d3 - backtrace::capture::Backtrace::new_unresolved::hb2e5075a7ba46c01\n                        at /home/alex/.cargo/registry/src/github.com-1ecc6299db9ec823/backtrace-0.3.5/src/capture.rs:88\n   2:     0x55deeb0d5f0c - failure::backtrace::internal::InternalBacktrace::new::h2ed0a3d8cf584e39\n                        at /home/alex/.cargo/registry/src/github.com-1ecc6299db9ec823/failure-0.1.1/src/backtrace/internal.rs:44\n                         - failure::backtrace::Backtrace::new::h854e2a56e6ee82ea\n                        at /home/alex/.cargo/registry/src/github.com-1ecc6299db9ec823/failure-0.1.1/src/backtrace/mod.rs:98\n   3:     0x55deeaf131fa - <failure::error::Error as core::convert::From<F>>::from::h379712abcb95c619\n                        at /home/alex/.cargo/registry/src/github.com-1ecc6299db9ec823/failure-0.1.1/src/error.rs:34\n                         - failure::error_message::err_msg::h8e09b8a3832b838b\n                        at /home/alex/.cargo/registry/src/github.com-1ecc6299db9ec823/failure-0.1.1/src/error_message.rs:12\n                         - collector::execute::command_output::hd7cdb9a021eaa0f0\n                        at collector/src/bin/rustc-perf-collector/execute.rs:25\n   4:     0x55deeaf13fed - collector::execute::CargoProcess::run_rustc::h77441dad4493a02a\n                        at collector/src/bin/rustc-perf-collector/execute.rs:176\n   5:     0x55deeaf24dff - collector::execute::Benchmark::run::h6242f8ea51cda084\n                        at collector/src/bin/rustc-perf-collector/execute.rs:357\n                         - collector::bench_commit::hbeeee494a786c8de\n                        at collector/src/bin/rustc-perf-collector/main.rs:78\n   6:     0x55deeaf27761 - collector::process_commit::h7bff71cf51b8e095\n                        at collector/src/bin/rustc-perf-collector/main.rs:148\n   7:     0x55deeaf31029 - collector::process_commits::haf13811ecab9d75e\n                        at collector/src/bin/rustc-perf-collector/main.rs:186\n                         - collector::main_result::h9ef800870750643b\n                        at collector/src/bin/rustc-perf-collector/main.rs:270\n   8:     0x55deeaf28234 - collector::main::h5052f42f3a99ec54\n                        at collector/src/bin/rustc-perf-collector/main.rs:197\n   9:     0x55deeaef4cc5 - std::rt::lang_start::{{closure}}::hbc1691af9ce24e44\n                        at /checkout/src/libstd/rt.rs:74\n  10:     0x55deeb1b17f7 - std::rt::lang_start_internal::{{closure}}::he3cb318c47ed10cc\n                        at libstd/rt.rs:59\n                         - std::panicking::try::do_call::h89f01d582caecd50\n                        at libstd/panicking.rs:306\n  11:     0x55deeb1ca5de - __rust_maybe_catch_panic\n                        at libpanic_unwind/lib.rs:102\n  12:     0x55deeb1b0505 - std::panicking::try::hb70e3bf037be24f4\n                        at libstd/panicking.rs:285\n                         - std::panic::catch_unwind::h58f28f22efd64793\n                        at libstd/panic.rs:361\n                         - std::rt::lang_start_internal::ha183371a8b8e8d77\n                        at libstd/rt.rs:58\n  13:     0x55deeaf33c61 - main\n  14:     0x7f8748c5b82f - __libc_start_main\n  15:     0x55deeaef31d8 - _start\n  16:                0x0 - <unknown>"},"inflate":{"Err":"ErrorMessage { msg: \"expected success, got exit code: 101\\n\\nstderr=   Compiling inflate v0.1.0 (file:///tmp/rustc-benchmark-inflate.EO5swttF9OeS)\\nerror: unknown debugging option: `nll`\\n\\nthread \\'main\\' panicked at \\'assertion failed: cmd.status().expect(\\\"failed to spawn\\\").success()\\', collector/src/bin/rustc-fake.rs:34:9\\nnote: Run with `RUST_BACKTRACE=1` for a backtrace.\\nerror: Could not compile `inflate`.\\n\\nTo learn more, run the command again with --verbose.\\n\\n\\n stdout=43477150;;instructions:u;12673104;100.00;1.06;insn per cycle\\n40953560;;cycles:u;12673104;100.00;3.232;GHz\\n12.671804;;task-clock;12671804;100.00;0.988;CPUs utilized\\n12.671661;;cpu-clock;12671804;100.00;0.988;CPUs utilized\\n540;;faults;12671804;100.00;0.043;M/sec\\n\" }\n\nstack backtrace:\n   0:     0x55deeb19322e - backtrace::backtrace::libunwind::trace::h01bc686a0973aa6d\n                        at /home/alex/.cargo/registry/src/github.com-1ecc6299db9ec823/backtrace-0.3.5/src/backtrace/libunwind.rs:53\n                         - backtrace::backtrace::trace::h4f48f1f625636bf1\n                        at /home/alex/.cargo/registry/src/github.com-1ecc6299db9ec823/backtrace-0.3.5/src/backtrace/mod.rs:42\n   1:     0x55deeb1932d3 - backtrace::capture::Backtrace::new_unresolved::hb2e5075a7ba46c01\n                        at /home/alex/.cargo/registry/src/github.com-1ecc6299db9ec823/backtrace-0.3.5/src/capture.rs:88\n   2:     0x55deeb0d5f0c - failure::backtrace::internal::InternalBacktrace::new::h2ed0a3d8cf584e39\n                        at /home/alex/.cargo/registry/src/github.com-1ecc6299db9ec823/failure-0.1.1/src/backtrace/internal.rs:44\n                         - failure::backtrace::Backtrace::new::h854e2a56e6ee82ea\n                        at /home/alex/.cargo/registry/src/github.com-1ecc6299db9ec823/failure-0.1.1/src/backtrace/mod.rs:98\n   3:     0x55deeaf131fa - <failure::error::Error as core::convert::From<F>>::from::h379712abcb95c619\n                        at /home/alex/.cargo/registry/src/github.com-1ecc6299db9ec823/failure-0.1.1/src/error.rs:34\n                         - failure::error_message::err_msg::h8e09b8a3832b838b\n                        at /home/alex/.cargo/registry/src/github.com-1ecc6299db9ec823/failure-0.1.1/src/error_message.rs:12\n                         - collector::execute::command_output::hd7cdb9a021eaa0f0\n                        at collector/src/bin/rustc-perf-collector/execute.rs:25\n   4:     0x55deeaf13fed - collector::execute::CargoProcess::run_rustc::h77441dad4493a02a\n                        at collector/src/bin/rustc-perf-collector/execute.rs:176\n   5:     0x55deeaf24dff - collector::execute::Benchmark::run::h6242f8ea51cda084\n                        at collector/src/bin/rustc-perf-collector/execute.rs:357\n                         - collector::bench_commit::hbeeee494a786c8de\n                        at collector/src/bin/rustc-perf-collector/main.rs:78\n   6:     0x55deeaf27761 - collector::process_commit::h7bff71cf51b8e095\n                        at collector/src/bin/rustc-perf-collector/main.rs:148\n   7:     0x55deeaf31029 - collector::process_commits::haf13811ecab9d75e\n                        at collector/src/bin/rustc-perf-collector/main.rs:186\n                         - collector::main_result::h9ef800870750643b\n                        at collector/src/bin/rustc-perf-collector/main.rs:270\n   8:     0x55deeaf28234 - collector::main::h5052f42f3a99ec54\n                        at collector/src/bin/rustc-perf-collector/main.rs:197\n   9:     0x55deeaef4cc5 - std::rt::lang_start::{{closure}}::hbc1691af9ce24e44\n                        at /checkout/src/libstd/rt.rs:74\n  10:     0x55deeb1b17f7 - std::rt::lang_start_internal::{{closure}}::he3cb318c47ed10cc\n                        at libstd/rt.rs:59\n                         - std::panicking::try::do_call::h89f01d582caecd50\n                        at libstd/panicking.rs:306\n  11:     0x55deeb1ca5de - __rust_maybe_catch_panic\n                        at libpanic_unwind/lib.rs:102\n  12:     0x55deeb1b0505 - std::panicking::try::hb70e3bf037be24f4\n                        at libstd/panicking.rs:285\n                         - std::panic::catch_unwind::h58f28f22efd64793\n                        at libstd/panic.rs:361\n                         - std::rt::lang_start_internal::ha183371a8b8e8d77\n                        at libstd/rt.rs:58\n  13:     0x55deeaf33c61 - main\n  14:     0x7f8748c5b82f - __libc_start_main\n  15:     0x55deeaef31d8 - _start\n  16:                0x0 - <unknown>"},"issue-46449":{"Err":"ErrorMessage { msg: \"expected success, got exit code: 101\\n\\nstderr=   Compiling issue-46649-byte-filling-slowing-down-sroa v0.1.0 (file:///tmp/rustc-benchmark-issue-46449.mDMZ3LJeV8xV)\\nerror: unknown debugging option: `nll`\\n\\nthread \\'main\\' panicked at \\'assertion failed: cmd.status().expect(\\\"failed to spawn\\\").success()\\', collector/src/bin/rustc-fake.rs:34:9\\nnote: Run with `RUST_BACKTRACE=1` for a backtrace.\\nerror: Could not compile `issue-46649-byte-filling-slowing-down-sroa`.\\n\\nTo learn more, run the command again with --verbose.\\n\\n\\n stdout=43486634;;instructions:u;12587026;100.00;1.06;insn per cycle\\n41067046;;cycles:u;12587026;100.00;3.263;GHz\\n12.585698;;task-clock;12585698;100.00;0.988;CPUs utilized\\n12.585641;;cpu-clock;12585698;100.00;0.988;CPUs utilized\\n533;;faults;12585698;100.00;0.042;M/sec\\n\" }\n\nstack backtrace:\n   0:     0x55deeb19322e - backtrace::backtrace::libunwind::trace::h01bc686a0973aa6d\n                        at /home/alex/.cargo/registry/src/github.com-1ecc6299db9ec823/backtrace-0.3.5/src/backtrace/libunwind.rs:53\n                         - backtrace::backtrace::trace::h4f48f1f625636bf1\n                        at /home/alex/.cargo/registry/src/github.com-1ecc6299db9ec823/backtrace-0.3.5/src/backtrace/mod.rs:42\n   1:     0x55deeb1932d3 - backtrace::capture::Backtrace::new_unresolved::hb2e5075a7ba46c01\n                        at /home/alex/.cargo/registry/src/github.com-1ecc6299db9ec823/backtrace-0.3.5/src/capture.rs:88\n   2:     0x55deeb0d5f0c - failure::backtrace::internal::InternalBacktrace::new::h2ed0a3d8cf584e39\n                        at /home/alex/.cargo/registry/src/github.com-1ecc6299db9ec823/failure-0.1.1/src/backtrace/internal.rs:44\n                         - failure::backtrace::Backtrace::new::h854e2a56e6ee82ea\n                        at /home/alex/.cargo/registry/src/github.com-1ecc6299db9ec823/failure-0.1.1/src/backtrace/mod.rs:98\n   3:     0x55deeaf131fa - <failure::error::Error as core::convert::From<F>>::from::h379712abcb95c619\n                        at /home/alex/.cargo/registry/src/github.com-1ecc6299db9ec823/failure-0.1.1/src/error.rs:34\n                         - failure::error_message::err_msg::h8e09b8a3832b838b\n                        at /home/alex/.cargo/registry/src/github.com-1ecc6299db9ec823/failure-0.1.1/src/error_message.rs:12\n                         - collector::execute::command_output::hd7cdb9a021eaa0f0\n                        at collector/src/bin/rustc-perf-collector/execute.rs:25\n   4:     0x55deeaf13fed - collector::execute::CargoProcess::run_rustc::h77441dad4493a02a\n                        at collector/src/bin/rustc-perf-collector/execute.rs:176\n   5:     0x55deeaf24dff - collector::execute::Benchmark::run::h6242f8ea51cda084\n                        at collector/src/bin/rustc-perf-collector/execute.rs:357\n                         - collector::bench_commit::hbeeee494a786c8de\n                        at collector/src/bin/rustc-perf-collector/main.rs:78\n   6:     0x55deeaf27761 - collector::process_commit::h7bff71cf51b8e095\n                        at collector/src/bin/rustc-perf-collector/main.rs:148\n   7:     0x55deeaf31029 - collector::process_commits::haf13811ecab9d75e\n                        at collector/src/bin/rustc-perf-collector/main.rs:186\n                         - collector::main_result::h9ef800870750643b\n                        at collector/src/bin/rustc-perf-collector/main.rs:270\n   8:     0x55deeaf28234 - collector::main::h5052f42f3a99ec54\n                        at collector/src/bin/rustc-perf-collector/main.rs:197\n   9:     0x55deeaef4cc5 - std::rt::lang_start::{{closure}}::hbc1691af9ce24e44\n                        at /checkout/src/libstd/rt.rs:74\n  10:     0x55deeb1b17f7 - std::rt::lang_start_internal::{{closure}}::he3cb318c47ed10cc\n                        at libstd/rt.rs:59\n                         - std::panicking::try::do_call::h89f01d582caecd50\n                        at libstd/panicking.rs:306\n  11:     0x55deeb1ca5de - __rust_maybe_catch_panic\n                        at libpanic_unwind/lib.rs:102\n  12:     0x55deeb1b0505 - std::panicking::try::hb70e3bf037be24f4\n                        at libstd/panicking.rs:285\n                         - std::panic::catch_unwind::h58f28f22efd64793\n                        at libstd/panic.rs:361\n                         - std::rt::lang_start_internal::ha183371a8b8e8d77\n                        at libstd/rt.rs:58\n  13:     0x55deeaf33c61 - main\n  14:     0x7f8748c5b82f - __libc_start_main\n  15:     0x55deeaef31d8 - _start\n  16:                0x0 - <unknown>"},"parser":{"Err":"ErrorMessage { msg: \"expected success, got exit code: 101\\n\\nstderr=   Compiling day15 v0.1.0 (file:///tmp/rustc-benchmark-parser.5BnhWTAIy7cQ)\\nerror: unknown debugging option: `nll`\\n\\nthread \\'main\\' panicked at \\'assertion failed: cmd.status().expect(\\\"failed to spawn\\\").success()\\', collector/src/bin/rustc-fake.rs:34:9\\nnote: Run with `RUST_BACKTRACE=1` for a backtrace.\\nerror: Could not compile `day15`.\\n\\nTo learn more, run the command again with --verbose.\\n\\n\\n stdout=43475661;;instructions:u;13335138;100.00;1.01;insn per cycle\\n43224211;;cycles:u;13335138;100.00;3.242;GHz\\n13.333529;;task-clock;13333529;100.00;0.988;CPUs utilized\\n13.333488;;cpu-clock;13333529;100.00;0.988;CPUs utilized\\n541;;faults;13333529;100.00;0.041;M/sec\\n\" }\n\nstack backtrace:\n   0:     0x55deeb19322e - backtrace::backtrace::libunwind::trace::h01bc686a0973aa6d\n                        at /home/alex/.cargo/registry/src/github.com-1ecc6299db9ec823/backtrace-0.3.5/src/backtrace/libunwind.rs:53\n                         - backtrace::backtrace::trace::h4f48f1f625636bf1\n                        at /home/alex/.cargo/registry/src/github.com-1ecc6299db9ec823/backtrace-0.3.5/src/backtrace/mod.rs:42\n   1:     0x55deeb1932d3 - backtrace::capture::Backtrace::new_unresolved::hb2e5075a7ba46c01\n                        at /home/alex/.cargo/registry/src/github.com-1ecc6299db9ec823/backtrace-0.3.5/src/capture.rs:88\n   2:     0x55deeb0d5f0c - failure::backtrace::internal::InternalBacktrace::new::h2ed0a3d8cf584e39\n                        at /home/alex/.cargo/registry/src/github.com-1ecc6299db9ec823/failure-0.1.1/src/backtrace/internal.rs:44\n                         - failure::backtrace::Backtrace::new::h854e2a56e6ee82ea\n                        at /home/alex/.cargo/registry/src/github.com-1ecc6299db9ec823/failure-0.1.1/src/backtrace/mod.rs:98\n   3:     0x55deeaf131fa - <failure::error::Error as core::convert::From<F>>::from::h379712abcb95c619\n                        at /home/alex/.cargo/registry/src/github.com-1ecc6299db9ec823/failure-0.1.1/src/error.rs:34\n                         - failure::error_message::err_msg::h8e09b8a3832b838b\n                        at /home/alex/.cargo/registry/src/github.com-1ecc6299db9ec823/failure-0.1.1/src/error_message.rs:12\n                         - collector::execute::command_output::hd7cdb9a021eaa0f0\n                        at collector/src/bin/rustc-perf-collector/execute.rs:25\n   4:     0x55deeaf13fed - collector::execute::CargoProcess::run_rustc::h77441dad4493a02a\n                        at collector/src/bin/rustc-perf-collector/execute.rs:176\n   5:     0x55deeaf24dff - collector::execute::Benchmark::run::h6242f8ea51cda084\n                        at collector/src/bin/rustc-perf-collector/execute.rs:357\n                         - collector::bench_commit::hbeeee494a786c8de\n                        at collector/src/bin/rustc-perf-collector/main.rs:78\n   6:     0x55deeaf27761 - collector::process_commit::h7bff71cf51b8e095\n                        at collector/src/bin/rustc-perf-collector/main.rs:148\n   7:     0x55deeaf31029 - collector::process_commits::haf13811ecab9d75e\n                        at collector/src/bin/rustc-perf-collector/main.rs:186\n                         - collector::main_result::h9ef800870750643b\n                        at collector/src/bin/rustc-perf-collector/main.rs:270\n   8:     0x55deeaf28234 - collector::main::h5052f42f3a99ec54\n                        at collector/src/bin/rustc-perf-collector/main.rs:197\n   9:     0x55deeaef4cc5 - std::rt::lang_start::{{closure}}::hbc1691af9ce24e44\n                        at /checkout/src/libstd/rt.rs:74\n  10:     0x55deeb1b17f7 - std::rt::lang_start_internal::{{closure}}::he3cb318c47ed10cc\n                        at libstd/rt.rs:59\n                         - std::panicking::try::do_call::h89f01d582caecd50\n                        at libstd/panicking.rs:306\n  11:     0x55deeb1ca5de - __rust_maybe_catch_panic\n                        at libpanic_unwind/lib.rs:102\n  12:     0x55deeb1b0505 - std::panicking::try::hb70e3bf037be24f4\n                        at libstd/panicking.rs:285\n                         - std::panic::catch_unwind::h58f28f22efd64793\n                        at libstd/panic.rs:361\n                         - std::rt::lang_start_internal::ha183371a8b8e8d77\n                        at libstd/rt.rs:58\n  13:     0x55deeaf33c61 - main\n  14:     0x7f8748c5b82f - __libc_start_main\n  15:     0x55deeaef31d8 - _start\n  16:                0x0 - <unknown>"},"piston-image":{"Err":"ErrorMessage { msg: \"expected success, got exit code: 101\\n\\nstderr=   Compiling image v0.10.3 (file:///tmp/rustc-benchmark-piston-image.ZfS9bkZ4pCxy)\\nerror: unknown debugging option: `nll`\\n\\nthread \\'main\\' panicked at \\'assertion failed: cmd.status().expect(\\\"failed to spawn\\\").success()\\', collector/src/bin/rustc-fake.rs:34:9\\nnote: Run with `RUST_BACKTRACE=1` for a backtrace.\\nerror: Could not compile `image`.\\n\\nTo learn more, run the command again with --verbose.\\n\\n\\n stdout=43559865;;instructions:u;12729956;100.00;1.05;insn per cycle\\n41410467;;cycles:u;12729956;100.00;3.253;GHz\\n12.728925;;task-clock;12728925;100.00;0.987;CPUs utilized\\n12.728817;;cpu-clock;12728925;100.00;0.987;CPUs utilized\\n543;;faults;12728925;100.00;0.043;M/sec\\n\" }\n\nstack backtrace:\n   0:     0x55deeb19322e - backtrace::backtrace::libunwind::trace::h01bc686a0973aa6d\n                        at /home/alex/.cargo/registry/src/github.com-1ecc6299db9ec823/backtrace-0.3.5/src/backtrace/libunwind.rs:53\n                         - backtrace::backtrace::trace::h4f48f1f625636bf1\n                        at /home/alex/.cargo/registry/src/github.com-1ecc6299db9ec823/backtrace-0.3.5/src/backtrace/mod.rs:42\n   1:     0x55deeb1932d3 - backtrace::capture::Backtrace::new_unresolved::hb2e5075a7ba46c01\n                        at /home/alex/.cargo/registry/src/github.com-1ecc6299db9ec823/backtrace-0.3.5/src/capture.rs:88\n   2:     0x55deeb0d5f0c - failure::backtrace::internal::InternalBacktrace::new::h2ed0a3d8cf584e39\n                        at /home/alex/.cargo/registry/src/github.com-1ecc6299db9ec823/failure-0.1.1/src/backtrace/internal.rs:44\n                         - failure::backtrace::Backtrace::new::h854e2a56e6ee82ea\n                        at /home/alex/.cargo/registry/src/github.com-1ecc6299db9ec823/failure-0.1.1/src/backtrace/mod.rs:98\n   3:     0x55deeaf131fa - <failure::error::Error as core::convert::From<F>>::from::h379712abcb95c619\n                        at /home/alex/.cargo/registry/src/github.com-1ecc6299db9ec823/failure-0.1.1/src/error.rs:34\n                         - failure::error_message::err_msg::h8e09b8a3832b838b\n                        at /home/alex/.cargo/registry/src/github.com-1ecc6299db9ec823/failure-0.1.1/src/error_message.rs:12\n                         - collector::execute::command_output::hd7cdb9a021eaa0f0\n                        at collector/src/bin/rustc-perf-collector/execute.rs:25\n   4:     0x55deeaf13fed - collector::execute::CargoProcess::run_rustc::h77441dad4493a02a\n                        at collector/src/bin/rustc-perf-collector/execute.rs:176\n   5:     0x55deeaf24dff - collector::execute::Benchmark::run::h6242f8ea51cda084\n                        at collector/src/bin/rustc-perf-collector/execute.rs:357\n                         - collector::bench_commit::hbeeee494a786c8de\n                        at collector/src/bin/rustc-perf-collector/main.rs:78\n   6:     0x55deeaf27761 - collector::process_commit::h7bff71cf51b8e095\n                        at collector/src/bin/rustc-perf-collector/main.rs:148\n   7:     0x55deeaf31029 - collector::process_commits::haf13811ecab9d75e\n                        at collector/src/bin/rustc-perf-collector/main.rs:186\n                         - collector::main_result::h9ef800870750643b\n                        at collector/src/bin/rustc-perf-collector/main.rs:270\n   8:     0x55deeaf28234 - collector::main::h5052f42f3a99ec54\n                        at collector/src/bin/rustc-perf-collector/main.rs:197\n   9:     0x55deeaef4cc5 - std::rt::lang_start::{{closure}}::hbc1691af9ce24e44\n                        at /checkout/src/libstd/rt.rs:74\n  10:     0x55deeb1b17f7 - std::rt::lang_start_internal::{{closure}}::he3cb318c47ed10cc\n                        at libstd/rt.rs:59\n                         - std::panicking::try::do_call::h89f01d582caecd50\n                        at libstd/panicking.rs:306\n  11:     0x55deeb1ca5de - __rust_maybe_catch_panic\n                        at libpanic_unwind/lib.rs:102\n  12:     0x55deeb1b0505 - std::panicking::try::hb70e3bf037be24f4\n                        at libstd/panicking.rs:285\n                         - std::panic::catch_unwind::h58f28f22efd64793\n                        at libstd/panic.rs:361\n                         - std::rt::lang_start_internal::ha183371a8b8e8d77\n                        at libstd/rt.rs:58\n  13:     0x55deeaf33c61 - main\n  14:     0x7f8748c5b82f - __libc_start_main\n  15:     0x55deeaef31d8 - _start\n  16:                0x0 - <unknown>"},"regex":{"Err":"ErrorMessage { msg: \"expected success, got exit code: 101\\n\\nstderr=   Compiling regex-syntax v0.3.9 (file:///tmp/rustc-benchmark-regex.YhbrWirtGRUm/regex-syntax)\\n   Compiling regex v0.1.80 (file:///tmp/rustc-benchmark-regex.YhbrWirtGRUm)\\nerror: unknown debugging option: `nll`\\n\\nthread \\'main\\' panicked at \\'assertion failed: cmd.status().expect(\\\"failed to spawn\\\").success()\\', collector/src/bin/rustc-fake.rs:34:9\\nnote: Run with `RUST_BACKTRACE=1` for a backtrace.\\nerror: Could not compile `regex`.\\n\\nTo learn more, run the command again with --verbose.\\n\\n\\n stdout=43487246;;instructions:u;12275031;100.00;1.05;insn per cycle\\n41360693;;cycles:u;12275031;100.00;3.370;GHz\\n12.273457;;task-clock;12273457;100.00;0.987;CPUs utilized\\n12.273327;;cpu-clock;12273457;100.00;0.987;CPUs utilized\\n535;;faults;12273457;100.00;0.044;M/sec\\n\" }\n\nstack backtrace:\n   0:     0x55deeb19322e - backtrace::backtrace::libunwind::trace::h01bc686a0973aa6d\n                        at /home/alex/.cargo/registry/src/github.com-1ecc6299db9ec823/backtrace-0.3.5/src/backtrace/libunwind.rs:53\n                         - backtrace::backtrace::trace::h4f48f1f625636bf1\n                        at /home/alex/.cargo/registry/src/github.com-1ecc6299db9ec823/backtrace-0.3.5/src/backtrace/mod.rs:42\n   1:     0x55deeb1932d3 - backtrace::capture::Backtrace::new_unresolved::hb2e5075a7ba46c01\n                        at /home/alex/.cargo/registry/src/github.com-1ecc6299db9ec823/backtrace-0.3.5/src/capture.rs:88\n   2:     0x55deeb0d5f0c - failure::backtrace::internal::InternalBacktrace::new::h2ed0a3d8cf584e39\n                        at /home/alex/.cargo/registry/src/github.com-1ecc6299db9ec823/failure-0.1.1/src/backtrace/internal.rs:44\n                         - failure::backtrace::Backtrace::new::h854e2a56e6ee82ea\n                        at /home/alex/.cargo/registry/src/github.com-1ecc6299db9ec823/failure-0.1.1/src/backtrace/mod.rs:98\n   3:     0x55deeaf131fa - <failure::error::Error as core::convert::From<F>>::from::h379712abcb95c619\n                        at /home/alex/.cargo/registry/src/github.com-1ecc6299db9ec823/failure-0.1.1/src/error.rs:34\n                         - failure::error_message::err_msg::h8e09b8a3832b838b\n                        at /home/alex/.cargo/registry/src/github.com-1ecc6299db9ec823/failure-0.1.1/src/error_message.rs:12\n                         - collector::execute::command_output::hd7cdb9a021eaa0f0\n                        at collector/src/bin/rustc-perf-collector/execute.rs:25\n   4:     0x55deeaf13fed - collector::execute::CargoProcess::run_rustc::h77441dad4493a02a\n                        at collector/src/bin/rustc-perf-collector/execute.rs:176\n   5:     0x55deeaf24dff - collector::execute::Benchmark::run::h6242f8ea51cda084\n                        at collector/src/bin/rustc-perf-collector/execute.rs:357\n                         - collector::bench_commit::hbeeee494a786c8de\n                        at collector/src/bin/rustc-perf-collector/main.rs:78\n   6:     0x55deeaf27761 - collector::process_commit::h7bff71cf51b8e095\n                        at collector/src/bin/rustc-perf-collector/main.rs:148\n   7:     0x55deeaf31029 - collector::process_commits::haf13811ecab9d75e\n                        at collector/src/bin/rustc-perf-collector/main.rs:186\n                         - collector::main_result::h9ef800870750643b\n                        at collector/src/bin/rustc-perf-collector/main.rs:270\n   8:     0x55deeaf28234 - collector::main::h5052f42f3a99ec54\n                        at collector/src/bin/rustc-perf-collector/main.rs:197\n   9:     0x55deeaef4cc5 - std::rt::lang_start::{{closure}}::hbc1691af9ce24e44\n                        at /checkout/src/libstd/rt.rs:74\n  10:     0x55deeb1b17f7 - std::rt::lang_start_internal::{{closure}}::he3cb318c47ed10cc\n                        at libstd/rt.rs:59\n                         - std::panicking::try::do_call::h89f01d582caecd50\n                        at libstd/panicking.rs:306\n  11:     0x55deeb1ca5de - __rust_maybe_catch_panic\n                        at libpanic_unwind/lib.rs:102\n  12:     0x55deeb1b0505 - std::panicking::try::hb70e3bf037be24f4\n                        at libstd/panicking.rs:285\n                         - std::panic::catch_unwind::h58f28f22efd64793\n                        at libstd/panic.rs:361\n                         - std::rt::lang_start_internal::ha183371a8b8e8d77\n                        at libstd/rt.rs:58\n  13:     0x55deeaf33c61 - main\n  14:     0x7f8748c5b82f - __libc_start_main\n  15:     0x55deeaef31d8 - _start\n  16:                0x0 - <unknown>"},"regression-31157":{"Err":"ErrorMessage { msg: \"expected success, got exit code: 101\\n\\nstderr=   Compiling parser v0.1.0 (file:///tmp/rustc-benchmark-regression-31157.Ptd7yISoGGO2)\\nerror: unknown debugging option: `nll`\\n\\nthread \\'main\\' panicked at \\'assertion failed: cmd.status().expect(\\\"failed to spawn\\\").success()\\', collector/src/bin/rustc-fake.rs:34:9\\nnote: Run with `RUST_BACKTRACE=1` for a backtrace.\\nerror: Could not compile `parser`.\\n\\nTo learn more, run the command again with --verbose.\\n\\n\\n stdout=43486151;;instructions:u;13235443;100.00;1.01;insn per cycle\\n43016214;;cycles:u;13235443;100.00;3.251;GHz\\n13.233774;;task-clock;13233774;100.00;0.987;CPUs utilized\\n13.233607;;cpu-clock;13233774;100.00;0.986;CPUs utilized\\n540;;faults;13233774;100.00;0.041;M/sec\\n\" }\n\nstack backtrace:\n   0:     0x55deeb19322e - backtrace::backtrace::libunwind::trace::h01bc686a0973aa6d\n                        at /home/alex/.cargo/registry/src/github.com-1ecc6299db9ec823/backtrace-0.3.5/src/backtrace/libunwind.rs:53\n                         - backtrace::backtrace::trace::h4f48f1f625636bf1\n                        at /home/alex/.cargo/registry/src/github.com-1ecc6299db9ec823/backtrace-0.3.5/src/backtrace/mod.rs:42\n   1:     0x55deeb1932d3 - backtrace::capture::Backtrace::new_unresolved::hb2e5075a7ba46c01\n                        at /home/alex/.cargo/registry/src/github.com-1ecc6299db9ec823/backtrace-0.3.5/src/capture.rs:88\n   2:     0x55deeb0d5f0c - failure::backtrace::internal::InternalBacktrace::new::h2ed0a3d8cf584e39\n                        at /home/alex/.cargo/registry/src/github.com-1ecc6299db9ec823/failure-0.1.1/src/backtrace/internal.rs:44\n                         - failure::backtrace::Backtrace::new::h854e2a56e6ee82ea\n                        at /home/alex/.cargo/registry/src/github.com-1ecc6299db9ec823/failure-0.1.1/src/backtrace/mod.rs:98\n   3:     0x55deeaf131fa - <failure::error::Error as core::convert::From<F>>::from::h379712abcb95c619\n                        at /home/alex/.cargo/registry/src/github.com-1ecc6299db9ec823/failure-0.1.1/src/error.rs:34\n                         - failure::error_message::err_msg::h8e09b8a3832b838b\n                        at /home/alex/.cargo/registry/src/github.com-1ecc6299db9ec823/failure-0.1.1/src/error_message.rs:12\n                         - collector::execute::command_output::hd7cdb9a021eaa0f0\n                        at collector/src/bin/rustc-perf-collector/execute.rs:25\n   4:     0x55deeaf13fed - collector::execute::CargoProcess::run_rustc::h77441dad4493a02a\n                        at collector/src/bin/rustc-perf-collector/execute.rs:176\n   5:     0x55deeaf24dff - collector::execute::Benchmark::run::h6242f8ea51cda084\n                        at collector/src/bin/rustc-perf-collector/execute.rs:357\n                         - collector::bench_commit::hbeeee494a786c8de\n                        at collector/src/bin/rustc-perf-collector/main.rs:78\n   6:     0x55deeaf27761 - collector::process_commit::h7bff71cf51b8e095\n                        at collector/src/bin/rustc-perf-collector/main.rs:148\n   7:     0x55deeaf31029 - collector::process_commits::haf13811ecab9d75e\n                        at collector/src/bin/rustc-perf-collector/main.rs:186\n                         - collector::main_result::h9ef800870750643b\n                        at collector/src/bin/rustc-perf-collector/main.rs:270\n   8:     0x55deeaf28234 - collector::main::h5052f42f3a99ec54\n                        at collector/src/bin/rustc-perf-collector/main.rs:197\n   9:     0x55deeaef4cc5 - std::rt::lang_start::{{closure}}::hbc1691af9ce24e44\n                        at /checkout/src/libstd/rt.rs:74\n  10:     0x55deeb1b17f7 - std::rt::lang_start_internal::{{closure}}::he3cb318c47ed10cc\n                        at libstd/rt.rs:59\n                         - std::panicking::try::do_call::h89f01d582caecd50\n                        at libstd/panicking.rs:306\n  11:     0x55deeb1ca5de - __rust_maybe_catch_panic\n                        at libpanic_unwind/lib.rs:102\n  12:     0x55deeb1b0505 - std::panicking::try::hb70e3bf037be24f4\n                        at libstd/panicking.rs:285\n                         - std::panic::catch_unwind::h58f28f22efd64793\n                        at libstd/panic.rs:361\n                         - std::rt::lang_start_internal::ha183371a8b8e8d77\n                        at libstd/rt.rs:58\n  13:     0x55deeaf33c61 - main\n  14:     0x7f8748c5b82f - __libc_start_main\n  15:     0x55deeaef31d8 - _start\n  16:                0x0 - <unknown>"},"script-servo":{"Err":"ErrorMessage { msg: \"expected success, got exit code: 101\\n\\nstderr=   Compiling itoa v0.3.4\\n   Compiling mitochondria v1.1.2\\n   Compiling color_quant v1.0.0\\n   Compiling rustc-serialize v0.3.24\\n   Compiling smallbitvec v1.0.7\\n   Compiling utf8-ranges v1.0.0\\n   Compiling smallvec v0.4.4\\n   Compiling mac v0.1.1\\n   Compiling scopeguard v0.3.3\\n   Compiling bitflags v0.9.1\\n   Compiling stable_deref_trait v1.0.0\\n   Compiling bitreader v0.3.1\\n   Compiling nodrop v0.1.12\\n   Compiling getopts v0.2.15\\n   Compiling log v0.3.8\\n   Compiling num-traits v0.1.40\\n   Compiling adler32 v1.0.2\\n   Compiling httparse v1.2.3\\n   Compiling unicode-segmentation v1.2.0\\n   Compiling slab v0.3.0\\n   Compiling ident_case v1.0.0\\n   Compiling toml v0.2.1\\n   Compiling ref_filter_map v1.0.1\\n   Compiling siphasher v0.2.2\\n   Compiling open v1.2.1\\n   Compiling bitflags v1.0.0\\n   Compiling mozjs_sys v0.50.0 (https://github.com/servo/mozjs#9290ed09)\\n   Compiling mp3-metadata v0.3.0\\n   Compiling unicode-xid v0.0.4\\n   Compiling xi-unicode v0.1.0\\n   Compiling string_cache_shared v0.3.0\\n   Compiling regex-syntax v0.4.1\\n   Compiling swapper v0.1.0\\n   Compiling version_check v0.1.3\\n   Compiling safemem v0.2.0\\n   Compiling lazycell v0.5.1\\n   Compiling dom_struct v0.0.1 (file:///tmp/rustc-benchmark-script-servo.dRBESBiSIFvo/components/dom_struct)\\n   Compiling either v1.3.0\\n   Compiling same-file v0.1.3\\n   Compiling signpost v0.1.0 (https://github.com/pcwalton/signpost.git#7ed71250)\\n   Compiling quote v0.3.15\\n   Compiling script_plugins v0.0.1 (file:///tmp/rustc-benchmark-script-servo.dRBESBiSIFvo/components/script_plugins)\\n   Compiling libc v0.2.33\\n   Compiling lzw v0.10.0\\n   Compiling precomputed-hash v0.1.1\\n   Compiling language-tags v0.2.2\\n   Compiling procedural-masquerade v0.1.3\\n   Compiling dtoa v0.4.2\\n   Compiling fnv v1.0.5\\n   Compiling matches v0.1.6\\n   Compiling percent-encoding v1.0.0\\n   Compiling byteorder v1.1.0\\n   Compiling typeable v0.1.2\\n   Compiling lazy_static v0.2.9\\n   Compiling rayon-core v1.2.1\\n   Compiling pkg-config v0.3.9\\n   Compiling atomic_refcell v0.1.1\\n   Compiling traitobject v0.1.0\\n   Compiling gcc v0.3.54\\n   Compiling cfg-if v0.1.2\\n   Compiling void v1.0.2\\n   Compiling khronos_api v1.0.1\\n   Compiling cc v1.0.3\\n   Compiling unicode-normalization v0.1.5\\n   Compiling futures v0.1.17\\n   Compiling error-chain v0.10.0\\n   Compiling xdg v2.1.0\\n   Compiling half v1.0.1\\n   Compiling scoped_threadpool v0.1.8\\n   Compiling heapsize v0.4.1\\n   Compiling ref_slice v1.1.1\\n   Compiling odds v0.2.25\\n   Compiling owning_ref v0.3.3\\n   Compiling servo_arc v0.0.1 (file:///tmp/rustc-benchmark-script-servo.dRBESBiSIFvo/components/servo_arc)\\n   Compiling xml-rs v0.6.1\\n   Compiling inflate v0.3.3\\n   Compiling synom v0.11.3\\n   Compiling num-integer v0.1.35\\n   Compiling enum_primitive v0.1.1\\n   Compiling unicase v1.4.2\\n   Compiling itertools v0.5.10\\n   Compiling coco v0.1.1\\n   Compiling walkdir v1.0.7\\n   Compiling mime v0.2.6\\n   Compiling gif v0.9.2\\n   Compiling rand v0.3.17\\n   Compiling num_cpus v1.7.0\\n   Compiling memchr v1.0.2\\n   Compiling time v0.1.38\\n   Compiling servo_allocator v0.0.1 (file:///tmp/rustc-benchmark-script-servo.dRBESBiSIFvo/components/allocator)\\n   Compiling hashglobe v0.1.0 (file:///tmp/rustc-benchmark-script-servo.dRBESBiSIFvo/components/hashglobe)\\n   Compiling iovec v0.1.1\\n   Compiling utf-8 v0.7.1\\n   Compiling ogg v0.5.1\\n   Compiling deflate v0.7.17\\n   Compiling base64 v0.6.0\\n   Compiling mp4parse v0.7.1\\n   Compiling net2 v0.2.31\\n   Compiling encoding_rs v0.7.1\\n   Compiling unreachable v0.1.1\\n   Compiling unreachable v1.0.0\\n   Compiling servo-fontconfig-sys v4.0.4\\n   Compiling dtoa-short v0.3.1\\n   Compiling tinyfiledialogs v2.5.9\\n   Compiling metadeps v1.1.2\\n   Compiling libz-sys v1.0.18\\n   Compiling cmake v0.1.26\\n   Compiling miniz-sys v0.1.10\\n   Compiling arrayvec v0.3.23\\n   Compiling num-iter v0.1.34\\n   Compiling num-rational v0.1.39\\n   Compiling syn v0.11.11\\n   Compiling style v0.0.1 (file:///tmp/rustc-benchmark-script-servo.dRBESBiSIFvo/components/style)\\n   Compiling aho-corasick v0.6.3\\n   Compiling gl_generator v0.5.5\\n   Compiling servo_rand v0.0.1 (file:///tmp/rustc-benchmark-script-servo.dRBESBiSIFvo/components/rand)\\n   Compiling parking_lot_core v0.2.6\\n   Compiling cookie v0.6.2\\n   Compiling ogg_metadata v0.4.1\\n   Compiling ordered-float v0.4.0\\n   Compiling debug_unreachable v0.1.1\\n   Compiling mio v0.6.11\\n   Compiling thread_local v0.3.4\\n   Compiling fallible v0.0.1 (file:///tmp/rustc-benchmark-script-servo.dRBESBiSIFvo/components/fallible)\\n   Compiling x11 v2.16.0\\n   Compiling png v0.10.0\\n   Compiling harfbuzz-sys v0.1.15\\n   Compiling js v0.1.7 (https://github.com/servo/rust-mozjs#1dc8aab2)\\n   Compiling angle v0.5.0 (https://github.com/servo/angle?branch=servo#e61c04e7)\\n   Compiling fontsan v0.4.0 (https://github.com/servo/fontsan#29e879c8)\\n   Compiling servo-freetype-sys v4.0.3\\n   Compiling expat-sys v2.1.5\\n   Compiling lru_cache v0.0.1 (file:///tmp/rustc-benchmark-script-servo.dRBESBiSIFvo/components/lru_cache)\\n   Compiling audio-video-metadata v0.1.4\\n   Compiling parking_lot v0.4.8\\n   Compiling futf v0.1.3\\n   Compiling rayon v0.8.2\\n   Compiling regex v0.2.2\\n   Compiling offscreen_gl_context v0.12.1\\n   Compiling gleam v0.4.10\\n   Compiling phf_shared v0.7.21\\n   Compiling tendril v0.4.0\\n   Compiling phf v0.7.21\\n   Compiling jpeg-decoder v0.1.13\\n   Compiling phf_generator v0.7.21\\n   Compiling html5ever v0.21.0\\n   Compiling serde_derive_internals v0.16.0\\n   Compiling cssparser v0.22.0\\n   Compiling darling_core v0.2.0\\n   Compiling domobject_derive v0.0.1 (file:///tmp/rustc-benchmark-script-servo.dRBESBiSIFvo/components/domobject_derive)\\n   Compiling synstructure v0.5.2\\n   Compiling caseless v0.1.3\\n   Compiling string_cache_codegen v0.4.0\\n   Compiling phf_codegen v0.7.21\\n   Compiling image v0.16.0\\n   Compiling serde_derive v1.0.17\\n   Compiling malloc_size_of_derive v0.0.1 (file:///tmp/rustc-benchmark-script-servo.dRBESBiSIFvo/components/malloc_size_of_derive)\\n   Compiling deny_public_fields v0.0.1 (file:///tmp/rustc-benchmark-script-servo.dRBESBiSIFvo/components/deny_public_fields)\\n   Compiling jstraceable_derive v0.0.1 (file:///tmp/rustc-benchmark-script-servo.dRBESBiSIFvo/components/jstraceable_derive)\\n   Compiling darling_macro v0.2.0\\nerror: failed to run custom build command for `mozjs_sys v0.50.0 (https://github.com/servo/mozjs#9290ed09)`\\nprocess didn\\'t exit successfully: `/tmp/rustc-benchmark-script-servo.dRBESBiSIFvo/target/debug/build/mozjs_sys-3c2579bb3cacdeae/build-script-build` (exit code: 101)\\n--- stdout\\n[[ /home/alex/.cargo/git/checkouts/mozjs-fa11ffc7d4f1cc2d/9290ed0/mozjs/js/src/configure -ot /home/alex/.cargo/git/checkouts/mozjs-fa11ffc7d4f1cc2d/9290ed0/mozjs/js/src/configure.in ]] && touch /home/alex/.cargo/git/checkouts/mozjs-fa11ffc7d4f1cc2d/9290ed0/mozjs/js/src/configure || true\\n[[ /home/alex/.cargo/git/checkouts/mozjs-fa11ffc7d4f1cc2d/9290ed0/mozjs/js/src/old-configure -ot /home/alex/.cargo/git/checkouts/mozjs-fa11ffc7d4f1cc2d/9290ed0/mozjs/js/src/old-configure.in ]] && touch /home/alex/.cargo/git/checkouts/mozjs-fa11ffc7d4f1cc2d/9290ed0/mozjs/js/src/old-configure || true\\n! [[ /home/alex/.cargo/git/checkouts/mozjs-fa11ffc7d4f1cc2d/9290ed0/mozjs/js/src/configure.in -ot /home/alex/.cargo/git/checkouts/mozjs-fa11ffc7d4f1cc2d/9290ed0/mozjs/js/src/configure ]] && touch /home/alex/.cargo/git/checkouts/mozjs-fa11ffc7d4f1cc2d/9290ed0/mozjs/js/src/configure || true\\n! [[ /home/alex/.cargo/git/checkouts/mozjs-fa11ffc7d4f1cc2d/9290ed0/mozjs/js/src/old-configure.in -ot /home/alex/.cargo/git/checkouts/mozjs-fa11ffc7d4f1cc2d/9290ed0/mozjs/js/src/old-configure ]] && touch /home/alex/.cargo/git/checkouts/mozjs-fa11ffc7d4f1cc2d/9290ed0/mozjs/js/src/old-configure || true\\nif [[ /home/alex/.cargo/git/checkouts/mozjs-fa11ffc7d4f1cc2d/9290ed0/mozjs/js/src/configure -nt /tmp/rustc-benchmark-script-servo.dRBESBiSIFvo/target/debug/build/mozjs_sys-d48ac9a6054b9f9b/out/config.status ]] ; then \\\\\\n  cd /tmp/rustc-benchmark-script-servo.dRBESBiSIFvo/target/debug/build/mozjs_sys-d48ac9a6054b9f9b/out && \\\\\\n  PYTHON=\\\"python\\\" MOZ_TOOLS=\\\"\\\" \\\\\\n  CC=\\\"gcc\\\" CPP=\\\"gcc -E\\\" CXX=\\\"g++\\\" AR=\\\"ar\\\" \\\\\\n  /home/alex/.cargo/git/checkouts/mozjs-fa11ffc7d4f1cc2d/9290ed0/mozjs/js/src/configure --disable-jemalloc --disable-js-shell --disable-tests --build-backends=RecursiveMake --enable-sm-promise --disable-shared-js || (cat config.log && exit 1) ; \\\\\\nfi\\nCreating Python environment\\nNew python executable in /tmp/rustc-benchmark-script-servo.dRBESBiSIFvo/target/debug/build/mozjs_sys-d48ac9a6054b9f9b/out/_virtualenv/bin/python\\nInstalling setuptools, pip, wheel...done.\\nWARNING: Python.h not found. Install Python development headers.\\nError processing command. Ignoring because optional. (optional:setup.py:python/psutil:build_ext:--inplace)\\nReexecuting in the virtualenv\\nchecking for a shell... /bin/sh\\nchecking for host system type... x86_64-pc-linux-gnu\\nchecking for target system type... x86_64-pc-linux-gnu\\nchecking for the Android toolchain directory... not found\\nchecking whether cross compiling... no\\nchecking for pkg_config... /usr/bin/pkg-config\\nchecking for pkg-config version... 0.29.1\\nchecking for yasm... not found\\nchecking for the target C compiler... /usr/bin/gcc\\nchecking whether the target C compiler can be used... yes\\nchecking the target C compiler version... 5.4.0\\nchecking for the target C++ compiler... /usr/bin/g++\\nchecking whether the target C++ compiler can be used... yes\\nchecking the target C++ compiler version... 5.4.0\\nchecking for the host C compiler... /usr/bin/gcc\\nchecking whether the host C compiler can be used... yes\\nchecking the host C compiler version... 5.4.0\\nchecking for the host C++ compiler... /usr/bin/g++\\nchecking whether the host C++ compiler can be used... yes\\nchecking the host C++ compiler version... 5.4.0\\nchecking for rustc... /home/alex/code/rustc-perf/target/release/rustc-fake\\nchecking rustc version... 1.27.0-nightly\\nchecking for awk... /usr/bin/mawk\\nchecking for perl... /usr/bin/perl\\nchecking for minimum required perl version >= 5.006... 5.022001\\nchecking for full perl installation... yes\\nchecking for doxygen... not found\\nchecking for xargs... /usr/bin/xargs\\nchecking for rpmbuild... not found\\nchecking for autoconf... no\\ncreating cache ./config.cache\\nchecking host system type... x86_64-pc-linux-gnu\\nchecking target system type... x86_64-pc-linux-gnu\\nchecking build system type... x86_64-pc-linux-gnu\\nchecking for gcc... /usr/bin/gcc -std=gnu99\\nchecking whether the C compiler (/usr/bin/gcc -std=gnu99  ) works... yes\\nchecking whether the C compiler (/usr/bin/gcc -std=gnu99  ) is a cross-compiler... no\\nchecking whether we are using GNU C... yes\\nchecking whether /usr/bin/gcc -std=gnu99 accepts -g... yes\\nchecking for c++... /usr/bin/g++ -std=gnu++11\\nchecking whether the C++ compiler (/usr/bin/g++ -std=gnu++11  ) works... yes\\nchecking whether the C++ compiler (/usr/bin/g++ -std=gnu++11  ) is a cross-compiler... no\\nchecking whether we are using GNU C++... yes\\nchecking whether /usr/bin/g++ -std=gnu++11 accepts -g... yes\\nchecking for ranlib... ranlib\\nchecking for as... /usr/bin/as\\nchecking for ar... ar\\nchecking for ld... ld\\nchecking for strip... strip\\nchecking for windres... no\\nchecking how to run the C preprocessor... gcc -E\\nchecking how to run the C++ preprocessor... /usr/bin/g++ -std=gnu++11 -E\\nchecking for sb-conf... no\\nchecking for ve... no\\nchecking for gmake... no\\nchecking for make... /usr/bin/make\\nchecking for X... no\\nchecking that static assertion macros used in autoconf tests work... yes\\nchecking for --noexecstack option to as... yes\\nchecking for -z noexecstack option to ld... yes\\nchecking for -z text option to ld... yes\\nchecking for --build-id option to ld... yes\\nchecking whether the C compiler supports -Wclass-varargs... no\\nchecking whether the C compiler supports -Wloop-analysis... no\\nchecking whether the C compiler supports -Wstring-conversion... no\\nchecking whether the C compiler supports -Wthread-safety... no\\nchecking whether the C compiler supports -Wno-error=maybe-uninitialized... yes\\nchecking whether the C compiler supports -Wno-error=deprecated-declarations... yes\\nchecking whether the C compiler supports -Wno-error=array-bounds... yes\\nchecking whether the C++ compiler supports -Wc++11-compat-pedantic... no\\nchecking whether the C++ compiler supports -Wc++14-compat... yes\\nchecking whether the C++ compiler supports -Wc++14-compat-pedantic... no\\nchecking whether the C++ compiler supports -Wc++1z-compat... no\\nchecking whether the C++ compiler supports -Wclass-varargs... no\\nchecking whether the C++ compiler supports -Wimplicit-fallthrough... no\\nchecking whether the C++ compiler supports -Wloop-analysis... no\\nchecking whether the C++ compiler supports -Wstring-conversion... no\\nchecking whether the C++ compiler supports -Wthread-safety... no\\nchecking whether the C++ compiler supports -Wno-inline-new-delete... no\\nchecking whether the C++ compiler supports -Wno-error=maybe-uninitialized... yes\\nchecking whether the C++ compiler supports -Wno-error=deprecated-declarations... yes\\nchecking whether the C++ compiler supports -Wno-error=array-bounds... yes\\nchecking for 64-bit OS... yes\\nchecking whether the C++ compiler (/usr/bin/g++ -std=gnu++11  -fno-rtti  -Wl,-z,noexecstack -Wl,-z,text -Wl,--build-id) actually is a C++ compiler... yes\\nchecking for ANSI C header files... yes\\nchecking for working const... yes\\nchecking for mode_t... yes\\nchecking for off_t... yes\\nchecking for pid_t... yes\\nchecking for size_t... yes\\nchecking for ssize_t... yes\\nchecking for endian.h... yes\\nchecking for machine/endian.h... no\\nchecking for sys/isa_defs.h... no\\nchecking whether 64-bits std::atomic requires -latomic... no\\nchecking for dirent.h that defines DIR... yes\\nchecking for opendir in -ldir... no\\nchecking for sys/byteorder.h... no\\nchecking for compat.h... no\\nchecking for getopt.h... yes\\nchecking for sys/bitypes.h... yes\\nchecking for memory.h... yes\\nchecking for unistd.h... yes\\nchecking for gnu/libc-version.h... yes\\nchecking for nl_types.h... yes\\nchecking for malloc.h... yes\\nchecking for X11/XKBlib.h... yes\\nchecking for io.h... no\\nchecking for cpuid.h... yes\\nchecking for sys/statvfs.h... yes\\nchecking for sys/statfs.h... yes\\nchecking for sys/vfs.h... yes\\nchecking for sys/mount.h... yes\\nchecking for sys/quota.h... yes\\nchecking for linux/quota.h... yes\\nchecking for sys/cdefs.h... yes\\nchecking for linux/perf_event.h... yes\\nchecking for perf_event_open system call... yes\\nchecking for gethostbyname_r in -lc_r... no\\nchecking for library containing dlopen... -ldl\\nchecking for dlfcn.h... yes\\nchecking for socket in -lsocket... no\\nchecking for pthread_create in -lpthreads... no\\nchecking for pthread_create in -lpthread... yes\\nchecking whether /usr/bin/gcc -std=gnu99 accepts -pthread... yes\\nchecking whether /usr/bin/gcc -std=gnu99 needs -traditional... no\\nchecking for 8-bit clean memcmp... yes\\nchecking for getc_unlocked... yes\\nchecking for _getc_nolock... no\\nchecking for gmtime_r... yes\\nchecking for localtime_r... yes\\nchecking for clock_gettime(CLOCK_MONOTONIC)... \\nchecking for sin in -lm... yes\\nchecking for __sincos in -lm... no\\nchecking for wcrtomb... yes\\nchecking for mbrtowc... yes\\nchecking for res_ninit()... yes\\nchecking for nl_langinfo and CODESET... yes\\nchecking for an implementation of va_copy()... yes\\nchecking whether va_list can be copied by value... no\\nchecking whether the C++ \\\"using\\\" keyword resolves ambiguity... yes\\nchecking for C++ dynamic_cast to void*... yes\\nchecking for __thread keyword for TLS variables... yes\\nchecking for __attribute__((always_inline))... yes\\nchecking for LC_MESSAGES... yes\\nchecking for localeconv... yes\\nchecking NSPR selection... posix-wrapper\\nchecking for gzread in -lz... yes\\nchecking for valid optimization flags... yes\\nchecking for __cxa_demangle... yes\\nchecking for -pipe support... yes\\nchecking whether C compiler supports -fprofile-generate... yes\\nchecking for tm_zone tm_gmtoff in struct tm... yes\\nchecking what kind of list files are supported by the linker... linkerscript\\nchecking what kind of ordering can be done with the linker... section-ordering-file\\nchecking for posix_fadvise... yes\\nchecking for posix_fallocate... yes\\nchecking for malloc.h... (cached) yes\\nchecking for alloca.h... yes\\nchecking for strndup... yes\\nchecking for posix_memalign... yes\\nchecking for memalign... yes\\nchecking for malloc_usable_size... yes\\nchecking for malloc.h... (cached) yes\\nchecking whether malloc_usable_size definition can use const argument... no\\nchecking for valloc in malloc.h... yes\\nchecking for valloc in unistd.h... no\\nchecking for setlocale... yes\\nchecking for localeconv... (cached) yes\\nupdating cache ./config.cache\\ncreating ./config.data\\nThis file contains any messages produced by compilers while\\nrunning configure, to aid debugging if configure makes a mistake.\\n\\nconfigure:841: checking host system type\\nconfigure:862: checking target system type\\nconfigure:880: checking build system type\\nconfigure:2216: checking for gcc\\nconfigure:2329: checking whether the C compiler (/usr/bin/gcc -std=gnu99  ) works\\nconfigure:2345: /usr/bin/gcc -std=gnu99 -o conftest    conftest.c  1>&5\\nconfigure:2342:1: warning: return type defaults to \\'int\\' [-Wimplicit-int]\\nconfigure:2371: checking whether the C compiler (/usr/bin/gcc -std=gnu99  ) is a cross-compiler\\nconfigure:2376: checking whether we are using GNU C\\nconfigure:2385: /usr/bin/gcc -std=gnu99 -E conftest.c\\nconfigure:2404: checking whether /usr/bin/gcc -std=gnu99 accepts -g\\nconfigure:2440: checking for c++\\nconfigure:2472: checking whether the C++ compiler (/usr/bin/g++ -std=gnu++11  ) works\\nconfigure:2488: /usr/bin/g++ -std=gnu++11 -o conftest    conftest.C  1>&5\\nconfigure:2514: checking whether the C++ compiler (/usr/bin/g++ -std=gnu++11  ) is a cross-compiler\\nconfigure:2519: checking whether we are using GNU C++\\nconfigure:2528: /usr/bin/g++ -std=gnu++11 -E conftest.C\\nconfigure:2547: checking whether /usr/bin/g++ -std=gnu++11 accepts -g\\nconfigure:2581: checking for ranlib\\nconfigure:2613: checking for as\\nconfigure:2667: checking for ar\\nconfigure:2702: checking for ld\\nconfigure:2737: checking for strip\\nconfigure:2772: checking for windres\\nconfigure:2862: checking how to run the C preprocessor\\nconfigure:2942: checking how to run the C++ preprocessor\\nconfigure:2960: /usr/bin/g++ -std=gnu++11 -E  conftest.C >/dev/null 2>conftest.out\\nconfigure:3392: checking for sb-conf\\nconfigure:3392: checking for ve\\nconfigure:3588: checking for gmake\\nconfigure:3588: checking for make\\nconfigure:3655: checking for X\\nconfigure:3722: gcc -E  conftest.c >/dev/null 2>conftest.out\\nconfigure:3718:27: fatal error: X11/Intrinsic.h: No such file or directory\\ncompilation terminated.\\nconfigure: failed program was:\\n#line 3717 \\\"configure\\\"\\n#include \\\"confdefs.h\\\"\\n#include <X11/Intrinsic.h>\\nconfigure:3798: /usr/bin/gcc -std=gnu99 -o conftest    conftest.c -lXt  1>&5\\nconfigure: In function \\'main\\':\\nconfigure:3794:1: warning: implicit declaration of function \\'XtMalloc\\' [-Wimplicit-function-declaration]\\n/usr/bin/ld: cannot find -lXt\\ncollect2: error: ld returned 1 exit status\\nconfigure: failed program was:\\n#line 3791 \\\"configure\\\"\\n#include \\\"confdefs.h\\\"\\n\\nint main() {\\nXtMalloc()\\n; return 0; }\\nconfigure:4710: /usr/bin/gcc -std=gnu99 -c   conftest.c 1>&5\\nconfigure: In function \\'main\\':\\nconfigure:4706:15: error: \\'__thumb2__\\' undeclared (first use in this function)\\nconfigure:4706:15: note: each undeclared identifier is reported only once for each function it appears in\\nconfigure: failed program was:\\n#line 4703 \\\"configure\\\"\\n#include \\\"confdefs.h\\\"\\n\\nint main() {\\nreturn sizeof(__thumb2__);\\n; return 0; }\\nconfigure:4955: checking that static assertion macros used in autoconf tests work\\nconfigure:4976: /usr/bin/gcc -std=gnu99 -c   conftest.c 1>&5\\nconfigure:4993: /usr/bin/gcc -std=gnu99 -c   conftest.c 1>&5\\nconfigure: In function \\'main\\':\\nconfigure:4990:68: error: size of array \\'static_assert_line_4993\\' is negative\\nconfigure:4989:55: note: in expansion of macro \\'CONFIGURE_STATIC_ASSERT_IMPL2\\'\\nconfigure:4988:44: note: in expansion of macro \\'CONFIGURE_STATIC_ASSERT_IMPL\\'\\nconfigure:4993:1: note: in expansion of macro \\'CONFIGURE_STATIC_ASSERT\\'\\nconfigure: failed program was:\\n#line 4986 \\\"configure\\\"\\n#include \\\"confdefs.h\\\"\\n\\n#define CONFIGURE_STATIC_ASSERT(condition) CONFIGURE_STATIC_ASSERT_IMPL(condition, __LINE__)\\n#define CONFIGURE_STATIC_ASSERT_IMPL(condition, line) CONFIGURE_STATIC_ASSERT_IMPL2(condition, line)\\n#define CONFIGURE_STATIC_ASSERT_IMPL2(condition, line) typedef int static_assert_line_##line[(condition) ? 1 : -1]\\n\\nint main() {\\nCONFIGURE_STATIC_ASSERT(0)\\n; return 0; }\\nconfigure:5016: /usr/bin/g++ -std=gnu++11 -c   conftest.C 1>&5\\nconfigure:5033: /usr/bin/g++ -std=gnu++11 -c   conftest.C 1>&5\\nconfigure: In function \\'int main()\\':\\nconfigure:5030:114: error: size of array \\'static_assert_line_5033\\' is negative\\nconfigure:5029:55: note: in expansion of macro \\'CONFIGURE_STATIC_ASSERT_IMPL2\\'\\nconfigure:5028:44: note: in expansion of macro \\'CONFIGURE_STATIC_ASSERT_IMPL\\'\\nconfigure:5033:1: note: in expansion of macro \\'CONFIGURE_STATIC_ASSERT\\'\\nconfigure: failed program was:\\n#line 5026 \\\"configure\\\"\\n#include \\\"confdefs.h\\\"\\n\\n#define CONFIGURE_STATIC_ASSERT(condition) CONFIGURE_STATIC_ASSERT_IMPL(condition, __LINE__)\\n#define CONFIGURE_STATIC_ASSERT_IMPL(condition, line) CONFIGURE_STATIC_ASSERT_IMPL2(condition, line)\\n#define CONFIGURE_STATIC_ASSERT_IMPL2(condition, line) typedef int static_assert_line_##line[(condition) ? 1 : -1]\\n\\nint main() {\\nCONFIGURE_STATIC_ASSERT(0)\\n; return 0; }\\nconfigure:5422: checking for --noexecstack option to as\\nconfigure:5433: /usr/bin/gcc -std=gnu99 -c  -Wa,--noexecstack  conftest.c 1>&5\\nconfigure:5446: checking for -z noexecstack option to ld\\nconfigure:5457: /usr/bin/gcc -std=gnu99 -o conftest    -Wl,-z,noexecstack conftest.c  1>&5\\nconfigure:5470: checking for -z text option to ld\\nconfigure:5481: /usr/bin/gcc -std=gnu99 -o conftest    -Wl,-z,noexecstack -Wl,-z,text conftest.c  1>&5\\nconfigure:5495: checking for --build-id option to ld\\nconfigure:5506: /usr/bin/gcc -std=gnu99 -o conftest    -Wl,-z,noexecstack -Wl,-z,text -Wl,--build-id conftest.c  1>&5\\nconfigure:5553: checking whether the C compiler supports -Wclass-varargs\\nconfigure:5576: /usr/bin/gcc -std=gnu99 -c  -Werror -Wclass-varargs  conftest.c 1>&5\\ngcc: error: unrecognized command line option \\'-Wclass-varargs\\'\\nconfigure: failed program was:\\n#line 5569 \\\"configure\\\"\\n#include \\\"confdefs.h\\\"\\n\\nint main() {\\nreturn(0);\\n; return 0; }\\nconfigure:5604: checking whether the C compiler supports -Wloop-analysis\\nconfigure:5627: /usr/bin/gcc -std=gnu99 -c  -Werror -Wloop-analysis  conftest.c 1>&5\\ngcc: error: unrecognized command line option \\'-Wloop-analysis\\'\\nconfigure: failed program was:\\n#line 5620 \\\"configure\\\"\\n#include \\\"confdefs.h\\\"\\n\\nint main() {\\nreturn(0);\\n; return 0; }\\nconfigure:5710: checking whether the C compiler supports -Wstring-conversion\\nconfigure:5733: /usr/bin/gcc -std=gnu99 -c  -Werror -Wstring-conversion  conftest.c 1>&5\\ngcc: error: unrecognized command line option \\'-Wstring-conversion\\'\\nconfigure: failed program was:\\n#line 5726 \\\"configure\\\"\\n#include \\\"confdefs.h\\\"\\n\\nint main() {\\nreturn(0);\\n; return 0; }\\nconfigure:5761: checking whether the C compiler supports -Wthread-safety\\nconfigure:5784: /usr/bin/gcc -std=gnu99 -c  -Werror -Wthread-safety  conftest.c 1>&5\\ngcc: error: unrecognized command line option \\'-Wthread-safety\\'\\nconfigure: failed program was:\\n#line 5777 \\\"configure\\\"\\n#include \\\"confdefs.h\\\"\\n\\nint main() {\\nreturn(0);\\n; return 0; }\\nconfigure:5821: checking whether the C compiler supports -Wno-error=maybe-uninitialized\\nconfigure:5844: /usr/bin/gcc -std=gnu99 -c  -Werror -Wno-error=maybe-uninitialized  conftest.c 1>&5\\nconfigure:5872: checking whether the C compiler supports -Wno-error=deprecated-declarations\\nconfigure:5895: /usr/bin/gcc -std=gnu99 -c  -Werror -Wno-error=deprecated-declarations  conftest.c 1>&5\\nconfigure:5923: checking whether the C compiler supports -Wno-error=array-bounds\\nconfigure:5946: /usr/bin/gcc -std=gnu99 -c  -Werror -Wno-error=array-bounds  conftest.c 1>&5\\nconfigure:6139: checking whether the C++ compiler supports -Wc++11-compat-pedantic\\nconfigure:6162: /usr/bin/g++ -std=gnu++11 -c  -Werror -Wc++11-compat-pedantic  conftest.C 1>&5\\ng++: error: unrecognized command line option \\'-Wc++11-compat-pedantic\\'\\nconfigure: failed program was:\\n#line 6155 \\\"configure\\\"\\n#include \\\"confdefs.h\\\"\\n\\nint main() {\\nreturn(0);\\n; return 0; }\\nconfigure:6190: checking whether the C++ compiler supports -Wc++14-compat\\nconfigure:6213: /usr/bin/g++ -std=gnu++11 -c  -Werror -Wc++14-compat  conftest.C 1>&5\\nconfigure:6241: checking whether the C++ compiler supports -Wc++14-compat-pedantic\\nconfigure:6264: /usr/bin/g++ -std=gnu++11 -c  -Werror -Wc++14-compat-pedantic  conftest.C 1>&5\\ng++: error: unrecognized command line option \\'-Wc++14-compat-pedantic\\'\\nconfigure: failed program was:\\n#line 6257 \\\"configure\\\"\\n#include \\\"confdefs.h\\\"\\n\\nint main() {\\nreturn(0);\\n; return 0; }\\nconfigure:6292: checking whether the C++ compiler supports -Wc++1z-compat\\nconfigure:6315: /usr/bin/g++ -std=gnu++11 -c  -Werror -Wc++1z-compat  conftest.C 1>&5\\ng++: error: unrecognized command line option \\'-Wc++1z-compat\\'\\nconfigure: failed program was:\\n#line 6308 \\\"configure\\\"\\n#include \\\"confdefs.h\\\"\\n\\nint main() {\\nreturn(0);\\n; return 0; }\\nconfigure:6343: checking whether the C++ compiler supports -Wclass-varargs\\nconfigure:6366: /usr/bin/g++ -std=gnu++11 -c  -Werror -Wclass-varargs  conftest.C 1>&5\\ng++: error: unrecognized command line option \\'-Wclass-varargs\\'\\nconfigure: failed program was:\\n#line 6359 \\\"configure\\\"\\n#include \\\"confdefs.h\\\"\\n\\nint main() {\\nreturn(0);\\n; return 0; }\\nconfigure:6394: checking whether the C++ compiler supports -Wimplicit-fallthrough\\nconfigure:6417: /usr/bin/g++ -std=gnu++11 -c  -Werror -Wimplicit-fallthrough  conftest.C 1>&5\\ng++: error: unrecognized command line option \\'-Wimplicit-fallthrough\\'\\nconfigure: failed program was:\\n#line 6410 \\\"configure\\\"\\n#include \\\"confdefs.h\\\"\\n\\nint main() {\\nreturn(0);\\n; return 0; }\\nconfigure:6445: checking whether the C++ compiler supports -Wloop-analysis\\nconfigure:6468: /usr/bin/g++ -std=gnu++11 -c  -Werror -Wloop-analysis  conftest.C 1>&5\\ng++: error: unrecognized command line option \\'-Wloop-analysis\\'\\nconfigure: failed program was:\\n#line 6461 \\\"configure\\\"\\n#include \\\"confdefs.h\\\"\\n\\nint main() {\\nreturn(0);\\n; return 0; }\\nconfigure:6551: checking whether the C++ compiler supports -Wstring-conversion\\nconfigure:6574: /usr/bin/g++ -std=gnu++11 -c  -Werror -Wstring-conversion  conftest.C 1>&5\\ng++: error: unrecognized command line option \\'-Wstring-conversion\\'\\nconfigure: failed program was:\\n#line 6567 \\\"configure\\\"\\n#include \\\"confdefs.h\\\"\\n\\nint main() {\\nreturn(0);\\n; return 0; }\\nconfigure:6602: checking whether the C++ compiler supports -Wthread-safety\\nconfigure:6625: /usr/bin/g++ -std=gnu++11 -c  -Werror -Wthread-safety  conftest.C 1>&5\\ng++: error: unrecognized command line option \\'-Wthread-safety\\'\\nconfigure: failed program was:\\n#line 6618 \\\"configure\\\"\\n#include \\\"confdefs.h\\\"\\n\\nint main() {\\nreturn(0);\\n; return 0; }\\nconfigure:6660: checking whether the C++ compiler supports -Wno-inline-new-delete\\nconfigure:6683: /usr/bin/g++ -std=gnu++11 -c  -Werror -Winline-new-delete  conftest.C 1>&5\\ng++: error: unrecognized command line option \\'-Winline-new-delete\\'\\nconfigure: failed program was:\\n#line 6676 \\\"configure\\\"\\n#include \\\"confdefs.h\\\"\\n\\nint main() {\\nreturn(0);\\n; return 0; }\\nconfigure:6718: checking whether the C++ compiler supports -Wno-error=maybe-uninitialized\\nconfigure:6741: /usr/bin/g++ -std=gnu++11 -c  -Werror -Wno-error=maybe-uninitialized  conftest.C 1>&5\\nconfigure:6769: checking whether the C++ compiler supports -Wno-error=deprecated-declarations\\nconfigure:6792: /usr/bin/g++ -std=gnu++11 -c  -Werror -Wno-error=deprecated-declarations  conftest.C 1>&5\\nconfigure:6820: checking whether the C++ compiler supports -Wno-error=array-bounds\\nconfigure:6843: /usr/bin/g++ -std=gnu++11 -c  -Werror -Wno-error=array-bounds  conftest.C 1>&5\\nconfigure:6993: checking for 64-bit OS\\nconfigure:7002: /usr/bin/gcc -std=gnu99 -c   conftest.c 1>&5\\nconfigure:7777: checking whether the C++ compiler (/usr/bin/g++ -std=gnu++11  -fno-rtti  -Wl,-z,noexecstack -Wl,-z,text -Wl,--build-id) actually is a C++ compiler\\nconfigure:7796: /usr/bin/g++ -std=gnu++11 -o conftest  -fno-rtti   -Wl,-z,noexecstack -Wl,-z,text -Wl,--build-id conftest.C  1>&5\\nconfigure:8039: checking for ANSI C header files\\nconfigure:8052: gcc -E  conftest.c >/dev/null 2>conftest.out\\nconfigure:8119: /usr/bin/gcc -std=gnu99 -o conftest  -fno-math-errno   -Wl,-z,noexecstack -Wl,-z,text -Wl,--build-id -B /tmp/rustc-benchmark-script-servo.dRBESBiSIFvo/target/debug/build/mozjs_sys-d48ac9a6054b9f9b/out/build/unix/gold conftest.c  1>&5\\nconfigure: In function \\'main\\':\\nconfigure:8114:67: warning: implicit declaration of function \\'exit\\' [-Wimplicit-function-declaration]\\nconfigure:8114:67: warning: incompatible implicit declaration of built-in function \\'exit\\'\\nconfigure:8114:67: note: include \\'<stdlib.h>\\' or provide a declaration of \\'exit\\'\\nconfigure:8115:1: warning: incompatible implicit declaration of built-in function \\'exit\\'\\nconfigure:8115:1: note: include \\'<stdlib.h>\\' or provide a declaration of \\'exit\\'\\nconfigure:8146: checking for working const\\nconfigure:8200: /usr/bin/gcc -std=gnu99 -c  -fno-math-errno  conftest.c 1>&5\\nconfigure:8224: checking for mode_t\\nconfigure:8260: checking for off_t\\nconfigure:8296: checking for pid_t\\nconfigure:8332: checking for size_t\\nconfigure:8382: checking for ssize_t\\nconfigure:8395: /usr/bin/gcc -std=gnu99 -c  -fno-math-errno  conftest.c 1>&5\\nconfigure:8424: checking for endian.h\\nconfigure:8437: /usr/bin/gcc -std=gnu99 -c  -fno-math-errno  conftest.c 1>&5\\nconfigure:8480: checking for machine/endian.h\\nconfigure:8493: /usr/bin/gcc -std=gnu99 -c  -fno-math-errno  conftest.c 1>&5\\nconfigure:8487:28: fatal error: machine/endian.h: No such file or directory\\ncompilation terminated.\\nconfigure: failed program was:\\n#line 8485 \\\"configure\\\"\\n#include \\\"confdefs.h\\\"\\n#include <sys/types.h>\\n#include <machine/endian.h>\\nint main() {\\n\\n; return 0; }\\nconfigure:8536: checking for sys/isa_defs.h\\nconfigure:8549: /usr/bin/gcc -std=gnu99 -c  -fno-math-errno  conftest.c 1>&5\\nconfigure:8543:26: fatal error: sys/isa_defs.h: No such file or directory\\ncompilation terminated.\\nconfigure: failed program was:\\n#line 8541 \\\"configure\\\"\\n#include \\\"confdefs.h\\\"\\n\\n#include <sys/isa_defs.h>\\nint main() {\\n\\n; return 0; }\\nconfigure:8606: checking whether 64-bits std::atomic requires -latomic\\nconfigure:8619: /usr/bin/g++ -std=gnu++11 -o conftest  -fno-rtti -fno-exceptions -fno-math-errno   -Wl,-z,noexecstack -Wl,-z,text -Wl,--build-id -B /tmp/rustc-benchmark-script-servo.dRBESBiSIFvo/target/debug/build/mozjs_sys-d48ac9a6054b9f9b/out/build/unix/gold conftest.C  1>&5\\nconfigure:8714: checking for dirent.h that defines DIR\\nconfigure:8727: /usr/bin/gcc -std=gnu99 -c  -fno-math-errno  conftest.c 1>&5\\nconfigure:8755: checking for opendir in -ldir\\nconfigure:8774: /usr/bin/gcc -std=gnu99 -o conftest  -fno-math-errno   -Wl,-z,noexecstack -Wl,-z,text -Wl,--build-id -B /tmp/rustc-benchmark-script-servo.dRBESBiSIFvo/target/debug/build/mozjs_sys-d48ac9a6054b9f9b/out/build/unix/gold conftest.c -ldir   1>&5\\n/tmp/rustc-benchmark-script-servo.dRBESBiSIFvo/target/debug/build/mozjs_sys-d48ac9a6054b9f9b/out/build/unix/gold/ld: error: cannot find -ldir\\ncollect2: error: ld returned 1 exit status\\nconfigure: failed program was:\\n#line 8763 \\\"configure\\\"\\n#include \\\"confdefs.h\\\"\\n/* Override any gcc2 internal prototype to avoid an error.  */\\n/* We use char because int might match the return type of a gcc2\\n    builtin and then its argument prototype would still apply.  */\\nchar opendir();\\n\\nint main() {\\nopendir()\\n; return 0; }\\nconfigure:8849: checking for sys/byteorder.h\\nconfigure:8862: /usr/bin/gcc -std=gnu99 -c  -fno-math-errno  conftest.c 1>&5\\nconfigure:8856:27: fatal error: sys/byteorder.h: No such file or directory\\ncompilation terminated.\\nconfigure: failed program was:\\n#line 8854 \\\"configure\\\"\\n#include \\\"confdefs.h\\\"\\n\\n#include <sys/byteorder.h>\\nint main() {\\n\\n; return 0; }\\nconfigure:8849: checking for compat.h\\nconfigure:8862: /usr/bin/gcc -std=gnu99 -c  -fno-math-errno  conftest.c 1>&5\\nconfigure:8856:20: fatal error: compat.h: No such file or directory\\ncompilation terminated.\\nconfigure: failed program was:\\n#line 8854 \\\"configure\\\"\\n#include \\\"confdefs.h\\\"\\n\\n#include <compat.h>\\nint main() {\\n\\n; return 0; }\\nconfigure:8849: checking for getopt.h\\nconfigure:8862: /usr/bin/gcc -std=gnu99 -c  -fno-math-errno  conftest.c 1>&5\\nconfigure:8849: checking for sys/bitypes.h\\nconfigure:8862: /usr/bin/gcc -std=gnu99 -c  -fno-math-errno  conftest.c 1>&5\\nconfigure:8849: checking for memory.h\\nconfigure:8862: /usr/bin/gcc -std=gnu99 -c  -fno-math-errno  conftest.c 1>&5\\nconfigure:8849: checking for unistd.h\\nconfigure:8862: /usr/bin/gcc -std=gnu99 -c  -fno-math-errno  conftest.c 1>&5\\nconfigure:8849: checking for gnu/libc-version.h\\nconfigure:8862: /usr/bin/gcc -std=gnu99 -c  -fno-math-errno  conftest.c 1>&5\\nconfigure:8849: checking for nl_types.h\\nconfigure:8862: /usr/bin/gcc -std=gnu99 -c  -fno-math-errno  conftest.c 1>&5\\nconfigure:8849: checking for malloc.h\\nconfigure:8862: /usr/bin/gcc -std=gnu99 -c  -fno-math-errno  conftest.c 1>&5\\nconfigure:8849: checking for X11/XKBlib.h\\nconfigure:8862: /usr/bin/gcc -std=gnu99 -c  -fno-math-errno  conftest.c 1>&5\\nconfigure:8849: checking for io.h\\nconfigure:8862: /usr/bin/gcc -std=gnu99 -c  -fno-math-errno  conftest.c 1>&5\\nconfigure:8856:16: fatal error: io.h: No such file or directory\\ncompilation terminated.\\nconfigure: failed program was:\\n#line 8854 \\\"configure\\\"\\n#include \\\"confdefs.h\\\"\\n\\n#include <io.h>\\nint main() {\\n\\n; return 0; }\\nconfigure:8849: checking for cpuid.h\\nconfigure:8862: /usr/bin/gcc -std=gnu99 -c  -fno-math-errno  conftest.c 1>&5\\nconfigure:8897: checking for sys/statvfs.h\\nconfigure:8910: /usr/bin/gcc -std=gnu99 -c  -fno-math-errno  conftest.c 1>&5\\nconfigure:8897: checking for sys/statfs.h\\nconfigure:8910: /usr/bin/gcc -std=gnu99 -c  -fno-math-errno  conftest.c 1>&5\\nconfigure:8897: checking for sys/vfs.h\\nconfigure:8910: /usr/bin/gcc -std=gnu99 -c  -fno-math-errno  conftest.c 1>&5\\nconfigure:8897: checking for sys/mount.h\\nconfigure:8910: /usr/bin/gcc -std=gnu99 -c  -fno-math-errno  conftest.c 1>&5\\nconfigure:8944: checking for sys/quota.h\\nconfigure:8957: /usr/bin/gcc -std=gnu99 -c  -fno-math-errno  conftest.c 1>&5\\nconfigure:8990: checking for linux/quota.h\\nconfigure:9003: /usr/bin/gcc -std=gnu99 -c  -fno-math-errno  conftest.c 1>&5\\nconfigure:9099: checking for sys/cdefs.h\\nconfigure:9112: /usr/bin/gcc -std=gnu99 -c  -fno-math-errno  conftest.c 1>&5\\nconfigure:9162: checking for linux/perf_event.h\\nconfigure:9175: /usr/bin/gcc -std=gnu99 -c  -fno-math-errno   conftest.c 1>&5\\nconfigure:9190: checking for perf_event_open system call\\nconfigure:9202: /usr/bin/gcc -std=gnu99 -c  -fno-math-errno   conftest.c 1>&5\\nconfigure:9234: checking for gethostbyname_r in -lc_r\\nconfigure:9253: /usr/bin/gcc -std=gnu99 -o conftest  -fno-math-errno   -Wl,-z,noexecstack -Wl,-z,text -Wl,--build-id -B /tmp/rustc-benchmark-script-servo.dRBESBiSIFvo/target/debug/build/mozjs_sys-d48ac9a6054b9f9b/out/build/unix/gold conftest.c -lc_r   1>&5\\n/tmp/rustc-benchmark-script-servo.dRBESBiSIFvo/target/debug/build/mozjs_sys-d48ac9a6054b9f9b/out/build/unix/gold/ld: error: cannot find -lc_r\\ncollect2: error: ld returned 1 exit status\\nconfigure: failed program was:\\n#line 9242 \\\"configure\\\"\\n#include \\\"confdefs.h\\\"\\n/* Override any gcc2 internal prototype to avoid an error.  */\\n/* We use char because int might match the return type of a gcc2\\n    builtin and then its argument prototype would still apply.  */\\nchar gethostbyname_r();\\n\\nint main() {\\ngethostbyname_r()\\n; return 0; }\\nconfigure:9290: checking for library containing dlopen\\nconfigure:9308: /usr/bin/gcc -std=gnu99 -o conftest  -fno-math-errno   -Wl,-z,noexecstack -Wl,-z,text -Wl,--build-id -B /tmp/rustc-benchmark-script-servo.dRBESBiSIFvo/target/debug/build/mozjs_sys-d48ac9a6054b9f9b/out/build/unix/gold conftest.c  1>&5\\n/tmp/ccupu10p.o:conftest.c:function main: error: undefined reference to \\'dlopen\\'\\ncollect2: error: ld returned 1 exit status\\nconfigure: failed program was:\\n#line 9297 \\\"configure\\\"\\n#include \\\"confdefs.h\\\"\\n/* Override any gcc2 internal prototype to avoid an error.  */\\n/* We use char because int might match the return type of a gcc2\\n    builtin and then its argument prototype would still apply.  */\\nchar dlopen();\\n\\nint main() {\\ndlopen()\\n; return 0; }\\nconfigure:9330: /usr/bin/gcc -std=gnu99 -o conftest  -fno-math-errno   -Wl,-z,noexecstack -Wl,-z,text -Wl,--build-id -B /tmp/rustc-benchmark-script-servo.dRBESBiSIFvo/target/debug/build/mozjs_sys-d48ac9a6054b9f9b/out/build/unix/gold conftest.c -ldl   1>&5\\nconfigure:9348: checking for dlfcn.h\\nconfigure:9361: /usr/bin/gcc -std=gnu99 -c  -fno-math-errno  conftest.c 1>&5\\nconfigure:9447: checking for socket in -lsocket\\nconfigure:9466: /usr/bin/gcc -std=gnu99 -o conftest  -fno-math-errno   -Wl,-z,noexecstack -Wl,-z,text -Wl,--build-id -B /tmp/rustc-benchmark-script-servo.dRBESBiSIFvo/target/debug/build/mozjs_sys-d48ac9a6054b9f9b/out/build/unix/gold conftest.c -lsocket  -ldl  1>&5\\n/tmp/rustc-benchmark-script-servo.dRBESBiSIFvo/target/debug/build/mozjs_sys-d48ac9a6054b9f9b/out/build/unix/gold/ld: error: cannot find -lsocket\\ncollect2: error: ld returned 1 exit status\\nconfigure: failed program was:\\n#line 9455 \\\"configure\\\"\\n#include \\\"confdefs.h\\\"\\n/* Override any gcc2 internal prototype to avoid an error.  */\\n/* We use char because int might match the return type of a gcc2\\n    builtin and then its argument prototype would still apply.  */\\nchar socket();\\n\\nint main() {\\nsocket()\\n; return 0; }\\nconfigure:9503: checking for pthread_create in -lpthreads\\nconfigure:9522: /usr/bin/gcc -std=gnu99 -o conftest  -fno-math-errno   -Wl,-z,noexecstack -Wl,-z,text -Wl,--build-id -B /tmp/rustc-benchmark-script-servo.dRBESBiSIFvo/target/debug/build/mozjs_sys-d48ac9a6054b9f9b/out/build/unix/gold conftest.c -lpthreads  -ldl  1>&5\\n/tmp/rustc-benchmark-script-servo.dRBESBiSIFvo/target/debug/build/mozjs_sys-d48ac9a6054b9f9b/out/build/unix/gold/ld: error: cannot find -lpthreads\\n/tmp/ccSckFuI.o:conftest.c:function main: error: undefined reference to \\'pthread_create\\'\\ncollect2: error: ld returned 1 exit status\\nconfigure: failed program was:\\n#line 9511 \\\"configure\\\"\\n#include \\\"confdefs.h\\\"\\n/* Override any gcc2 internal prototype to avoid an error.  */\\n/* We use char because int might match the return type of a gcc2\\n    builtin and then its argument prototype would still apply.  */\\nchar pthread_create();\\n\\nint main() {\\npthread_create()\\n; return 0; }\\nconfigure:9541: checking for pthread_create in -lpthread\\nconfigure:9560: /usr/bin/gcc -std=gnu99 -o conftest  -fno-math-errno   -Wl,-z,noexecstack -Wl,-z,text -Wl,--build-id -B /tmp/rustc-benchmark-script-servo.dRBESBiSIFvo/target/debug/build/mozjs_sys-d48ac9a6054b9f9b/out/build/unix/gold conftest.c -lpthread  -ldl  1>&5\\nconfigure:9691: checking whether /usr/bin/gcc -std=gnu99 accepts -pthread\\nconfigure:9786: checking whether /usr/bin/gcc -std=gnu99 needs -traditional\\nconfigure:9832: checking for 8-bit clean memcmp\\nconfigure:9850: /usr/bin/gcc -std=gnu99 -o conftest  -fno-math-errno -pthread  -lpthread  -Wl,-z,noexecstack -Wl,-z,text -Wl,--build-id -B /tmp/rustc-benchmark-script-servo.dRBESBiSIFvo/target/debug/build/mozjs_sys-d48ac9a6054b9f9b/out/build/unix/gold conftest.c -ldl  1>&5\\nconfigure:9842:1: warning: return type defaults to \\'int\\' [-Wimplicit-int]\\nconfigure: In function \\'main\\':\\nconfigure:9845:3: warning: implicit declaration of function \\'exit\\' [-Wimplicit-function-declaration]\\nconfigure:9845:3: warning: incompatible implicit declaration of built-in function \\'exit\\'\\nconfigure:9845:3: note: include \\'<stdlib.h>\\' or provide a declaration of \\'exit\\'\\nconfigure:9845:8: warning: implicit declaration of function \\'memcmp\\' [-Wimplicit-function-declaration]\\nconfigure:9870: checking for getc_unlocked\\nconfigure:9902: /usr/bin/gcc -std=gnu99 -o conftest  -fno-math-errno -pthread  -lpthread  -Wl,-z,noexecstack -Wl,-z,text -Wl,--build-id -B /tmp/rustc-benchmark-script-servo.dRBESBiSIFvo/target/debug/build/mozjs_sys-d48ac9a6054b9f9b/out/build/unix/gold conftest.c -ldl  1>&5\\nconfigure:9870: checking for _getc_nolock\\nconfigure:9902: /usr/bin/gcc -std=gnu99 -o conftest  -fno-math-errno -pthread  -lpthread  -Wl,-z,noexecstack -Wl,-z,text -Wl,--build-id -B /tmp/rustc-benchmark-script-servo.dRBESBiSIFvo/target/debug/build/mozjs_sys-d48ac9a6054b9f9b/out/build/unix/gold conftest.c -ldl  1>&5\\n/tmp/cc0UwOpS.o:conftest.c:function main: error: undefined reference to \\'_getc_nolock\\'\\ncollect2: error: ld returned 1 exit status\\nconfigure: failed program was:\\n#line 9875 \\\"configure\\\"\\n#define _getc_nolock innocuous__getc_nolock\\n#include \\\"confdefs.h\\\"\\n#undef _getc_nolock\\n/* System header to define __stub macros and hopefully few prototypes,\\n    which can conflict with char _getc_nolock(); below.  */\\n#define _getc_nolock innocuous__getc_nolock\\n#include <assert.h>\\n#undef _getc_nolock\\n/* Override any gcc2 internal prototype to avoid an error.  */\\n/* We use char because int might match the return type of a gcc2\\n    builtin and then its argument prototype would still apply.  */\\nchar _getc_nolock();\\n\\nint main() {\\n\\n/* The GNU C library defines this for functions which it implements\\n    to always fail with ENOSYS.  Some functions are actually named\\n    something starting with __ and the normal name is an alias.  */\\n#if defined (__stub__getc_nolock) || defined (__stub____getc_nolock)\\nchoke me\\n#else\\n_getc_nolock();\\n#endif\\n\\n; return 0; }\\nconfigure:9870: checking for gmtime_r\\nconfigure:9902: /usr/bin/gcc -std=gnu99 -o conftest  -fno-math-errno -pthread  -lpthread  -Wl,-z,noexecstack -Wl,-z,text -Wl,--build-id -B /tmp/rustc-benchmark-script-servo.dRBESBiSIFvo/target/debug/build/mozjs_sys-d48ac9a6054b9f9b/out/build/unix/gold conftest.c -ldl  1>&5\\nconfigure:9870: checking for localtime_r\\nconfigure:9902: /usr/bin/gcc -std=gnu99 -o conftest  -fno-math-errno -pthread  -lpthread  -Wl,-z,noexecstack -Wl,-z,text -Wl,--build-id -B /tmp/rustc-benchmark-script-servo.dRBESBiSIFvo/target/debug/build/mozjs_sys-d48ac9a6054b9f9b/out/build/unix/gold conftest.c -ldl  1>&5\\nconfigure:9931: checking for clock_gettime(CLOCK_MONOTONIC)\\nconfigure:9947: /usr/bin/gcc -std=gnu99 -o conftest  -fno-math-errno -pthread  -lpthread  -Wl,-z,noexecstack -Wl,-z,text -Wl,--build-id -B /tmp/rustc-benchmark-script-servo.dRBESBiSIFvo/target/debug/build/mozjs_sys-d48ac9a6054b9f9b/out/build/unix/gold conftest.c -ldl   1>&5\\nconfigure:9979: checking for sin in -lm\\nconfigure:9998: /usr/bin/gcc -std=gnu99 -o conftest  -fno-math-errno -pthread  -lpthread  -Wl,-z,noexecstack -Wl,-z,text -Wl,--build-id -B /tmp/rustc-benchmark-script-servo.dRBESBiSIFvo/target/debug/build/mozjs_sys-d48ac9a6054b9f9b/out/build/unix/gold conftest.c -lm  -ldl  1>&5\\nconfigure:9991:6: warning: conflicting types for built-in function \\'sin\\'\\nconfigure:10029: checking for __sincos in -lm\\nconfigure:10048: /usr/bin/gcc -std=gnu99 -o conftest  -fno-math-errno -pthread  -lpthread  -Wl,-z,noexecstack -Wl,-z,text -Wl,--build-id -B /tmp/rustc-benchmark-script-servo.dRBESBiSIFvo/target/debug/build/mozjs_sys-d48ac9a6054b9f9b/out/build/unix/gold conftest.c -lm  -lm -ldl  1>&5\\n/tmp/cc4GbsI2.o:conftest.c:function main: error: undefined reference to \\'__sincos\\'\\ncollect2: error: ld returned 1 exit status\\nconfigure: failed program was:\\n#line 10037 \\\"configure\\\"\\n#include \\\"confdefs.h\\\"\\n/* Override any gcc2 internal prototype to avoid an error.  */\\n/* We use char because int might match the return type of a gcc2\\n    builtin and then its argument prototype would still apply.  */\\nchar __sincos();\\n\\nint main() {\\n__sincos()\\n; return 0; }\\nconfigure:10086: checking for wcrtomb\\nconfigure:10098: /usr/bin/g++ -std=gnu++11 -o conftest  -fno-rtti -fno-exceptions -fno-math-errno -pthread  -lpthread  -Wl,-z,noexecstack -Wl,-z,text -Wl,--build-id -B /tmp/rustc-benchmark-script-servo.dRBESBiSIFvo/target/debug/build/mozjs_sys-d48ac9a6054b9f9b/out/build/unix/gold conftest.C -lm -ldl  1>&5\\nconfigure:10121: checking for mbrtowc\\nconfigure:10133: /usr/bin/g++ -std=gnu++11 -o conftest  -fno-rtti -fno-exceptions -fno-math-errno -pthread  -lpthread  -Wl,-z,noexecstack -Wl,-z,text -Wl,--build-id -B /tmp/rustc-benchmark-script-servo.dRBESBiSIFvo/target/debug/build/mozjs_sys-d48ac9a6054b9f9b/out/build/unix/gold conftest.C -lm -ldl  1>&5\\nconfigure:10165: checking for res_ninit()\\nconfigure:10188: /usr/bin/gcc -std=gnu99 -o conftest  -fno-math-errno -pthread  -lpthread  -Wl,-z,noexecstack -Wl,-z,text -Wl,--build-id -B /tmp/rustc-benchmark-script-servo.dRBESBiSIFvo/target/debug/build/mozjs_sys-d48ac9a6054b9f9b/out/build/unix/gold conftest.c -lm -ldl  1>&5\\nconfigure:10216: checking for nl_langinfo and CODESET\\nconfigure:10228: /usr/bin/gcc -std=gnu99 -o conftest  -fno-math-errno -pthread  -lpthread  -Wl,-z,noexecstack -Wl,-z,text -Wl,--build-id -B /tmp/rustc-benchmark-script-servo.dRBESBiSIFvo/target/debug/build/mozjs_sys-d48ac9a6054b9f9b/out/build/unix/gold conftest.c -lm -ldl  1>&5\\nconfigure:10264: checking for an implementation of va_copy()\\nconfigure:10285: /usr/bin/gcc -std=gnu99 -c  -fno-math-errno -pthread  conftest.c 1>&5\\nconfigure:10301: checking whether va_list can be copied by value\\nconfigure:10322: /usr/bin/gcc -std=gnu99 -c  -fno-math-errno -pthread  conftest.c 1>&5\\nconfigure: In function \\'f\\':\\nconfigure:10312:19: error: assignment to expression with array type\\nconfigure: failed program was:\\n#line 10306 \\\"configure\\\"\\n#include \\\"confdefs.h\\\"\\n#include <stdarg.h>\\n                     #include <stdlib.h>\\n        void f (int i, ...) {\\n            va_list args1, args2;\\n            va_start (args1, i);\\n            args2 = args1;\\n            if (va_arg (args2, int) != 42 || va_arg (args1, int) != 42)\\n                exit (1);\\n            va_end (args1); va_end (args2);\\n        }\\nint main() {\\nf(0, 42); return 0\\n; return 0; }\\nconfigure:10418: checking whether the C++ \\\"using\\\" keyword resolves ambiguity\\nconfigure:10439: /usr/bin/g++ -std=gnu++11 -c  -fno-rtti -fno-exceptions -fno-math-errno -pthread  conftest.C 1>&5\\nconfigure:10463: checking for C++ dynamic_cast to void*\\nconfigure:10490: /usr/bin/g++ -std=gnu++11 -o conftest  -fno-rtti -fno-exceptions -fno-math-errno -pthread  -lpthread  -Wl,-z,noexecstack -Wl,-z,text -Wl,--build-id -B /tmp/rustc-benchmark-script-servo.dRBESBiSIFvo/target/debug/build/mozjs_sys-d48ac9a6054b9f9b/out/build/unix/gold conftest.C -lm -ldl  1>&5\\nconfigure:10523: checking for __thread keyword for TLS variables\\nconfigure:10535: /usr/bin/g++ -std=gnu++11 -o conftest  -fno-rtti -fno-exceptions -fno-math-errno -pthread  -lpthread  -Wl,-z,noexecstack -Wl,-z,text -Wl,--build-id -B /tmp/rustc-benchmark-script-servo.dRBESBiSIFvo/target/debug/build/mozjs_sys-d48ac9a6054b9f9b/out/build/unix/gold -fPIC -shared -Wl,-z,defs  conftest.C -lm -ldl  1>&5\\nconfigure:10573: checking for __attribute__((always_inline))\\nconfigure:10585: /usr/bin/g++ -std=gnu++11 -c  -fno-rtti -fno-exceptions -fno-math-errno -pthread  conftest.C 1>&5\\nconfigure:10609: checking for LC_MESSAGES\\nconfigure:10621: /usr/bin/gcc -std=gnu99 -c  -fno-math-errno -pthread  conftest.c 1>&5\\nconfigure:10647: checking for localeconv\\nconfigure:10679: /usr/bin/gcc -std=gnu99 -o conftest  -fno-math-errno -pthread  -lpthread  -Wl,-z,noexecstack -Wl,-z,text -Wl,--build-id -B /tmp/rustc-benchmark-script-servo.dRBESBiSIFvo/target/debug/build/mozjs_sys-d48ac9a6054b9f9b/out/build/unix/gold conftest.c -lm -ldl  1>&5\\nconfigure:10819: checking NSPR selection\\nconfigure:11144: checking for gzread in -lz\\nconfigure:11163: /usr/bin/gcc -std=gnu99 -o conftest  -fno-math-errno -pthread  -lpthread  -Wl,-z,noexecstack -Wl,-z,text -Wl,--build-id -B /tmp/rustc-benchmark-script-servo.dRBESBiSIFvo/target/debug/build/mozjs_sys-d48ac9a6054b9f9b/out/build/unix/gold conftest.c -lz  -lm -ldl  1>&5\\nconfigure:11198: /usr/bin/gcc -std=gnu99 -c  -fno-math-errno -pthread  conftest.c 1>&5\\nconfigure:11448: checking for valid optimization flags\\nconfigure:11459: /usr/bin/gcc -std=gnu99 -c  -fno-math-errno -pthread -freorder-blocks -O3  conftest.c 1>&5\\nconfigure:12236: checking for __cxa_demangle\\nconfigure:12271: /usr/bin/g++ -std=gnu++11 -o conftest  -fno-rtti -fno-exceptions -fno-math-errno -pthread  -lpthread  -Wl,-z,noexecstack -Wl,-z,text -Wl,--build-id -B /tmp/rustc-benchmark-script-servo.dRBESBiSIFvo/target/debug/build/mozjs_sys-d48ac9a6054b9f9b/out/build/unix/gold conftest.C -lm -ldl  1>&5\\nconfigure:12332: checking for -pipe support\\nconfigure:12346: checking whether C compiler supports -fprofile-generate\\nconfigure:12355: /usr/bin/gcc -std=gnu99 -c  -fno-math-errno -pthread -pipe -fprofile-generate -fprofile-correction  conftest.c 1>&5\\nconfigure:12390: checking for tm_zone tm_gmtoff in struct tm\\nconfigure:12402: /usr/bin/g++ -std=gnu++11 -c  -fno-rtti -fno-exceptions -fno-math-errno -pthread -pipe  conftest.C 1>&5\\nconfigure:12444: checking what kind of list files are supported by the linker\\nconfigure:12449: /usr/bin/gcc -std=gnu99 -o conftest.o -c  -fno-math-errno -pthread -pipe  conftest.c 1>&5\\nconfigure:12451: /usr/bin/gcc -std=gnu99 -o conftest -lpthread  -Wl,-z,noexecstack -Wl,-z,text -Wl,--build-id -B /tmp/rustc-benchmark-script-servo.dRBESBiSIFvo/target/debug/build/mozjs_sys-d48ac9a6054b9f9b/out/build/unix/gold conftest.list -lm -ldl  1>&5\\nconfigure:12477: checking what kind of ordering can be done with the linker\\nconfigure:12492: /usr/bin/gcc -std=gnu99 -o conftest  -fno-math-errno -pthread -pipe  -lpthread  -Wl,-z,noexecstack -Wl,-z,text -Wl,--build-id -B /tmp/rustc-benchmark-script-servo.dRBESBiSIFvo/target/debug/build/mozjs_sys-d48ac9a6054b9f9b/out/build/unix/gold -Wl,--section-ordering-file,conftest.order conftest.c -lm -ldl  1>&5\\nconfigure:12808: checking for posix_fadvise\\nconfigure:12840: /usr/bin/gcc -std=gnu99 -o conftest -Wall -Wempty-body -Wignored-qualifiers -Wpointer-arith -Wsign-compare -Wtype-limits -Wunreachable-code -Wno-error=maybe-uninitialized -Wno-error=deprecated-declarations -Wno-error=array-bounds -fno-math-errno -pthread -pipe  -lpthread  -Wl,-z,noexecstack -Wl,-z,text -Wl,--build-id -B /tmp/rustc-benchmark-script-servo.dRBESBiSIFvo/target/debug/build/mozjs_sys-d48ac9a6054b9f9b/out/build/unix/gold conftest.c -lm -ldl  1>&5\\nconfigure:12808: checking for posix_fallocate\\nconfigure:12840: /usr/bin/gcc -std=gnu99 -o conftest -Wall -Wempty-body -Wignored-qualifiers -Wpointer-arith -Wsign-compare -Wtype-limits -Wunreachable-code -Wno-error=maybe-uninitialized -Wno-error=deprecated-declarations -Wno-error=array-bounds -fno-math-errno -pthread -pipe  -lpthread  -Wl,-z,noexecstack -Wl,-z,text -Wl,--build-id -B /tmp/rustc-benchmark-script-servo.dRBESBiSIFvo/target/debug/build/mozjs_sys-d48ac9a6054b9f9b/out/build/unix/gold conftest.c -lm -ldl  1>&5\\nconfigure:13086: checking for malloc.h\\nconfigure:13135: checking for alloca.h\\nconfigure:13148: /usr/bin/gcc -std=gnu99 -c -Wall -Wempty-body -Wignored-qualifiers -Wpointer-arith -Wsign-compare -Wtype-limits -Wunreachable-code -Wno-error=maybe-uninitialized -Wno-error=deprecated-declarations -Wno-error=array-bounds -fno-math-errno -pthread -pipe  conftest.c 1>&5\\nconfigure:13181: checking for strndup\\nconfigure:13213: /usr/bin/gcc -std=gnu99 -o conftest -Wall -Wempty-body -Wignored-qualifiers -Wpointer-arith -Wsign-compare -Wtype-limits -Wunreachable-code -Wno-error=maybe-uninitialized -Wno-error=deprecated-declarations -Wno-error=array-bounds -fno-math-errno -pthread -pipe  -lpthread  -Wl,-z,noexecstack -Wl,-z,text -Wl,--build-id -B /tmp/rustc-benchmark-script-servo.dRBESBiSIFvo/target/debug/build/mozjs_sys-d48ac9a6054b9f9b/out/build/unix/gold conftest.c -lm -ldl  1>&5\\nconfigure:13197:6: warning: conflicting types for built-in function \\'strndup\\'\\nconfigure:13181: checking for posix_memalign\\nconfigure:13213: /usr/bin/gcc -std=gnu99 -o conftest -Wall -Wempty-body -Wignored-qualifiers -Wpointer-arith -Wsign-compare -Wtype-limits -Wunreachable-code -Wno-error=maybe-uninitialized -Wno-error=deprecated-declarations -Wno-error=array-bounds -fno-math-errno -pthread -pipe  -lpthread  -Wl,-z,noexecstack -Wl,-z,text -Wl,--build-id -B /tmp/rustc-benchmark-script-servo.dRBESBiSIFvo/target/debug/build/mozjs_sys-d48ac9a6054b9f9b/out/build/unix/gold conftest.c -lm -ldl  1>&5\\nconfigure:13197:6: warning: conflicting types for built-in function \\'posix_memalign\\'\\nconfigure:13181: checking for memalign\\nconfigure:13213: /usr/bin/gcc -std=gnu99 -o conftest -Wall -Wempty-body -Wignored-qualifiers -Wpointer-arith -Wsign-compare -Wtype-limits -Wunreachable-code -Wno-error=maybe-uninitialized -Wno-error=deprecated-declarations -Wno-error=array-bounds -fno-math-errno -pthread -pipe  -lpthread  -Wl,-z,noexecstack -Wl,-z,text -Wl,--build-id -B /tmp/rustc-benchmark-script-servo.dRBESBiSIFvo/target/debug/build/mozjs_sys-d48ac9a6054b9f9b/out/build/unix/gold conftest.c -lm -ldl  1>&5\\nconfigure:13244: checking for malloc_usable_size\\nconfigure:13276: /usr/bin/gcc -std=gnu99 -o conftest -Wall -Wempty-body -Wignored-qualifiers -Wpointer-arith -Wsign-compare -Wtype-limits -Wunreachable-code -Wno-error=maybe-uninitialized -Wno-error=deprecated-declarations -Wno-error=array-bounds -fno-math-errno -pthread -pipe  -lpthread  -Wl,-z,noexecstack -Wl,-z,text -Wl,--build-id -B /tmp/rustc-benchmark-script-servo.dRBESBiSIFvo/target/debug/build/mozjs_sys-d48ac9a6054b9f9b/out/build/unix/gold conftest.c -lm -ldl  1>&5\\nconfigure:13308: checking for malloc.h\\nconfigure:13344: checking whether malloc_usable_size definition can use const argument\\nconfigure:13355: /usr/bin/gcc -std=gnu99 -c -Wall -Wempty-body -Wignored-qualifiers -Wpointer-arith -Wsign-compare -Wtype-limits -Wunreachable-code -Wno-error=maybe-uninitialized -Wno-error=deprecated-declarations -Wno-error=array-bounds -fno-math-errno -pthread -pipe  conftest.c 1>&5\\nconfigure:13349:26: error: conflicting types for \\'malloc_usable_size\\'\\nIn file included from configure:13347:0:\\n/usr/include/malloc.h:129:15: note: previous declaration of \\'malloc_usable_size\\' was here\\n extern size_t malloc_usable_size (void *__ptr) __THROW;\\n               ^\\nconfigure: failed program was:\\n#line 13346 \\\"configure\\\"\\n#include \\\"confdefs.h\\\"\\n#include <malloc.h>\\n                  #include <stddef.h>\\n                  size_t malloc_usable_size(const void *ptr);\\nint main() {\\nreturn malloc_usable_size(0);\\n; return 0; }\\nconfigure:13384: checking for valloc in malloc.h\\nconfigure:13409: checking for valloc in unistd.h\\nconfigure:13439: checking for setlocale\\nconfigure:13471: /usr/bin/gcc -std=gnu99 -o conftest -Wall -Wempty-body -Wignored-qualifiers -Wpointer-arith -Wsign-compare -Wtype-limits -Wunreachable-code -Wno-error=maybe-uninitialized -Wno-error=deprecated-declarations -Wno-error=array-bounds -fno-math-errno -pthread -pipe  -lpthread  -Wl,-z,noexecstack -Wl,-z,text -Wl,--build-id -B /tmp/rustc-benchmark-script-servo.dRBESBiSIFvo/target/debug/build/mozjs_sys-d48ac9a6054b9f9b/out/build/unix/gold conftest.c -lm -ldl  1>&5\\nconfigure:13439: checking for localeconv\\nmakefile.cargo:136: recipe for target \\'maybe-configure\\' failed\\n\\n--- stderr\\nCreating config.status\\nTraceback (most recent call last):\\n  File \\\"config.status\\\", line 401, in <module>\\n    from mozbuild.config_status import config_status\\n  File \\\"/home/alex/.cargo/git/checkouts/mozjs-fa11ffc7d4f1cc2d/9290ed0/mozjs/build/mach_bootstrap.py\\\", line 366, in __call__\\n    module = self._original_import(name, globals, locals, fromlist, level)\\n  File \\\"/home/alex/.cargo/git/checkouts/mozjs-fa11ffc7d4f1cc2d/9290ed0/mozjs/python/mozbuild/mozbuild/config_status.py\\\", line 21, in <module>\\n    from mozbuild.base import MachCommandConditions\\n  File \\\"/home/alex/.cargo/git/checkouts/mozjs-fa11ffc7d4f1cc2d/9290ed0/mozjs/build/mach_bootstrap.py\\\", line 366, in __call__\\n    module = self._original_import(name, globals, locals, fromlist, level)\\n  File \\\"/home/alex/.cargo/git/checkouts/mozjs-fa11ffc7d4f1cc2d/9290ed0/mozjs/python/mozbuild/mozbuild/base.py\\\", line 17, in <module>\\n    from mach.mixin.process import ProcessExecutionMixin\\n  File \\\"/home/alex/.cargo/git/checkouts/mozjs-fa11ffc7d4f1cc2d/9290ed0/mozjs/build/mach_bootstrap.py\\\", line 366, in __call__\\n    module = self._original_import(name, globals, locals, fromlist, level)\\n  File \\\"/home/alex/.cargo/git/checkouts/mozjs-fa11ffc7d4f1cc2d/9290ed0/mozjs/python/mach/mach/mixin/process.py\\\", line 29, in <module>\\n    raise Exception(\\'Could not detect environment shell!\\')\\nException: Could not detect environment shell!\\nmake: *** [maybe-configure] Error 1\\nthread \\'main\\' panicked at \\'assertion failed: result.success()\\', /home/alex/.cargo/git/checkouts/mozjs-fa11ffc7d4f1cc2d/9290ed0/build.rs:53:5\\nnote: Run with `RUST_BACKTRACE=1` for a backtrace.\\n\\nwarning: build failed, waiting for other jobs to finish...\\nerror: build failed\\n\\n\\n stdout=\" }\n\nstack backtrace:\n   0:     0x55deeb19322e - backtrace::backtrace::libunwind::trace::h01bc686a0973aa6d\n                        at /home/alex/.cargo/registry/src/github.com-1ecc6299db9ec823/backtrace-0.3.5/src/backtrace/libunwind.rs:53\n                         - backtrace::backtrace::trace::h4f48f1f625636bf1\n                        at /home/alex/.cargo/registry/src/github.com-1ecc6299db9ec823/backtrace-0.3.5/src/backtrace/mod.rs:42\n   1:     0x55deeb1932d3 - backtrace::capture::Backtrace::new_unresolved::hb2e5075a7ba46c01\n                        at /home/alex/.cargo/registry/src/github.com-1ecc6299db9ec823/backtrace-0.3.5/src/capture.rs:88\n   2:     0x55deeb0d5f0c - failure::backtrace::internal::InternalBacktrace::new::h2ed0a3d8cf584e39\n                        at /home/alex/.cargo/registry/src/github.com-1ecc6299db9ec823/failure-0.1.1/src/backtrace/internal.rs:44\n                         - failure::backtrace::Backtrace::new::h854e2a56e6ee82ea\n                        at /home/alex/.cargo/registry/src/github.com-1ecc6299db9ec823/failure-0.1.1/src/backtrace/mod.rs:98\n   3:     0x55deeaf131fa - <failure::error::Error as core::convert::From<F>>::from::h379712abcb95c619\n                        at /home/alex/.cargo/registry/src/github.com-1ecc6299db9ec823/failure-0.1.1/src/error.rs:34\n                         - failure::error_message::err_msg::h8e09b8a3832b838b\n                        at /home/alex/.cargo/registry/src/github.com-1ecc6299db9ec823/failure-0.1.1/src/error_message.rs:12\n                         - collector::execute::command_output::hd7cdb9a021eaa0f0\n                        at collector/src/bin/rustc-perf-collector/execute.rs:25\n   4:     0x55deeaf13fed - collector::execute::CargoProcess::run_rustc::h77441dad4493a02a\n                        at collector/src/bin/rustc-perf-collector/execute.rs:176\n   5:     0x55deeaf24892 - collector::execute::Benchmark::run::h6242f8ea51cda084\n                        at collector/src/bin/rustc-perf-collector/execute.rs:342\n                         - collector::bench_commit::hbeeee494a786c8de\n                        at collector/src/bin/rustc-perf-collector/main.rs:78\n   6:     0x55deeaf27761 - collector::process_commit::h7bff71cf51b8e095\n                        at collector/src/bin/rustc-perf-collector/main.rs:148\n   7:     0x55deeaf31029 - collector::process_commits::haf13811ecab9d75e\n                        at collector/src/bin/rustc-perf-collector/main.rs:186\n                         - collector::main_result::h9ef800870750643b\n                        at collector/src/bin/rustc-perf-collector/main.rs:270\n   8:     0x55deeaf28234 - collector::main::h5052f42f3a99ec54\n                        at collector/src/bin/rustc-perf-collector/main.rs:197\n   9:     0x55deeaef4cc5 - std::rt::lang_start::{{closure}}::hbc1691af9ce24e44\n                        at /checkout/src/libstd/rt.rs:74\n  10:     0x55deeb1b17f7 - std::rt::lang_start_internal::{{closure}}::he3cb318c47ed10cc\n                        at libstd/rt.rs:59\n                         - std::panicking::try::do_call::h89f01d582caecd50\n                        at libstd/panicking.rs:306\n  11:     0x55deeb1ca5de - __rust_maybe_catch_panic\n                        at libpanic_unwind/lib.rs:102\n  12:     0x55deeb1b0505 - std::panicking::try::hb70e3bf037be24f4\n                        at libstd/panicking.rs:285\n                         - std::panic::catch_unwind::h58f28f22efd64793\n                        at libstd/panic.rs:361\n                         - std::rt::lang_start_internal::ha183371a8b8e8d77\n                        at libstd/rt.rs:58\n  13:     0x55deeaf33c61 - main\n  14:     0x7f8748c5b82f - __libc_start_main\n  15:     0x55deeaef31d8 - _start\n  16:                0x0 - <unknown>"},"serde":{"Ok":{"runs":[{"stats":[{"name":"max-rss","cnt":270684.0},{"name":"cycles:u","cnt":23302452302.0},{"name":"task-clock","cnt":5913.825122},{"name":"faults","cnt":49741.0},{"name":"wall-time","cnt":5.92010381},{"name":"instructions:u","cnt":35248192394.0},{"name":"cpu-clock","cnt":5913.827427}],"check":true,"release":false,"state":"Clean"},{"stats":[{"name":"cpu-clock","cnt":11263.886634},{"name":"cycles:u","cnt":44607844546.0},{"name":"faults","cnt":53315.0},{"name":"max-rss","cnt":284440.0},{"name":"task-clock","cnt":11263.879638},{"name":"instructions:u","cnt":82884842474.0},{"name":"wall-time","cnt":11.270528294}],"check":true,"release":false,"state":"Nll"},{"stats":[{"name":"cpu-clock","cnt":6762.418387},{"name":"wall-time","cnt":6.768296608},{"name":"max-rss","cnt":374784.0},{"name":"instructions:u","cnt":39627760351.0},{"name":"cycles:u","cnt":26534134933.0},{"name":"faults","cnt":78684.0},{"name":"task-clock","cnt":6762.417364}],"check":true,"release":false,"state":"IncrementalStart"},{"stats":[{"name":"instructions:u","cnt":7437051295.0},{"name":"cycles:u","cnt":5914983011.0},{"name":"faults","cnt":71480.0},{"name":"cpu-clock","cnt":1580.28462},{"name":"wall-time","cnt":1.545915888},{"name":"max-rss","cnt":347060.0},{"name":"task-clock","cnt":1580.282087}],"check":true,"release":false,"state":"IncrementalClean"},{"stats":[{"name":"cpu-clock","cnt":6601.325745},{"name":"cycles:u","cnt":25921497868.0},{"name":"faults","cnt":57007.0},{"name":"wall-time","cnt":6.451141042},{"name":"task-clock","cnt":6601.309537},{"name":"instructions:u","cnt":39450773989.0},{"name":"max-rss","cnt":303164.0}],"check":false,"release":false,"state":"Clean"},{"stats":[{"name":"faults","cnt":58743.0},{"name":"max-rss","cnt":310772.0},{"name":"task-clock","cnt":11993.482484},{"name":"wall-time","cnt":11.835378617},{"name":"cpu-clock","cnt":11993.500194},{"name":"instructions:u","cnt":87131184964.0},{"name":"cycles:u","cnt":47366367352.0}],"check":false,"release":false,"state":"Nll"},{"stats":[{"name":"instructions:u","cnt":45065830653.0},{"name":"faults","cnt":85679.0},{"name":"cpu-clock","cnt":7696.622111},{"name":"task-clock","cnt":7696.614868},{"name":"wall-time","cnt":7.510915166},{"name":"cycles:u","cnt":30079804794.0},{"name":"max-rss","cnt":405112.0}],"check":false,"release":false,"state":"IncrementalStart"},{"stats":[{"name":"instructions:u","cnt":8507327623.0},{"name":"faults","cnt":82771.0},{"name":"cycles:u","cnt":6670355319.0},{"name":"cpu-clock","cnt":1806.683056},{"name":"max-rss","cnt":391952.0},{"name":"wall-time","cnt":1.760997562},{"name":"task-clock","cnt":1806.695301}],"check":false,"release":false,"state":"IncrementalClean"},{"stats":[{"name":"task-clock","cnt":7165.611281},{"name":"instructions:u","cnt":40685344795.0},{"name":"cycles:u","cnt":27872640695.0},{"name":"wall-time","cnt":6.508460073},{"name":"cpu-clock","cnt":7165.613165},{"name":"faults","cnt":59099.0},{"name":"max-rss","cnt":302492.0}],"check":false,"release":true,"state":"Clean"},{"stats":[{"name":"wall-time","cnt":11.807175919},{"name":"cpu-clock","cnt":12476.265642},{"name":"task-clock","cnt":12476.244447},{"name":"max-rss","cnt":308576.0},{"name":"instructions:u","cnt":88363874025.0},{"name":"cycles:u","cnt":49077973864.0},{"name":"faults","cnt":60940.0}],"check":false,"release":true,"state":"Nll"},{"stats":[{"name":"cycles:u","cnt":31064167225.0},{"name":"instructions:u","cnt":45523022175.0},{"name":"max-rss","cnt":411332.0},{"name":"task-clock","cnt":7952.128754},{"name":"faults","cnt":86942.0},{"name":"wall-time","cnt":7.4922439},{"name":"cpu-clock","cnt":7952.150766}],"check":false,"release":true,"state":"IncrementalStart"},{"stats":[{"name":"cpu-clock","cnt":1791.873999},{"name":"max-rss","cnt":391968.0},{"name":"cycles:u","cnt":6660764026.0},{"name":"wall-time","cnt":1.754888504},{"name":"faults","cnt":82699.0},{"name":"task-clock","cnt":1791.864385},{"name":"instructions:u","cnt":8497187243.0}],"check":false,"release":true,"state":"IncrementalClean"}],"name":"serde"}},"style-servo":{"Ok":{"runs":[{"stats":[{"name":"faults","cnt":405331.0},{"name":"max-rss","cnt":1400900.0},{"name":"instructions:u","cnt":155430650534.0},{"name":"cpu-clock","cnt":31470.02289},{"name":"cycles:u","cnt":123679919034.0},{"name":"wall-time","cnt":31.489805463},{"name":"task-clock","cnt":31470.026096}],"check":true,"release":false,"state":"Clean"},{"stats":[{"name":"cpu-clock","cnt":38058.47422},{"name":"faults","cnt":587182.0},{"name":"task-clock","cnt":38058.446023},{"name":"max-rss","cnt":2125924.0},{"name":"cycles:u","cnt":148953460745.0},{"name":"instructions:u","cnt":188563505063.0},{"name":"wall-time","cnt":38.092900916}],"check":true,"release":false,"state":"IncrementalStart"},{"stats":[{"name":"cpu-clock","cnt":15980.862451},{"name":"instructions:u","cnt":75005296245.0},{"name":"max-rss","cnt":2028452.0},{"name":"cycles:u","cnt":61081756401.0},{"name":"faults","cnt":587832.0},{"name":"task-clock","cnt":15980.851204},{"name":"wall-time","cnt":15.649665673}],"check":true,"release":false,"state":"IncrementalClean"},{"stats":[{"name":"task-clock","cnt":24756.075416},{"name":"cpu-clock","cnt":24756.116453},{"name":"wall-time","cnt":24.414066534},{"name":"max-rss","cnt":2169536.0},{"name":"cycles:u","cnt":95670722359.0},{"name":"faults","cnt":654096.0},{"name":"instructions:u","cnt":119862394758.0}],"check":true,"release":false,"state":{"IncrementalPatched":{"index":0,"name":"debugging println","path":"0-debugging-println.patch"}}},{"stats":[{"name":"faults","cnt":700145.0},{"name":"cycles:u","cnt":113980652454.0},{"name":"cpu-clock","cnt":29427.183542},{"name":"instructions:u","cnt":140572525791.0},{"name":"wall-time","cnt":29.342293443},{"name":"task-clock","cnt":29427.172792},{"name":"max-rss","cnt":2359040.0}],"check":true,"release":false,"state":{"IncrementalPatched":{"index":1,"name":"b9b3e592dd cherry picked","path":"1-b9b3e592dd-cherry-picked.patch"}}},{"stats":[{"name":"max-rss","cnt":1995108.0},{"name":"cpu-clock","cnt":86034.408395},{"name":"faults","cnt":1119547.0},{"name":"task-clock","cnt":86034.350181},{"name":"instructions:u","cnt":351767073029.0},{"name":"wall-time","cnt":49.573117769},{"name":"cycles:u","cnt":326719483453.0}],"check":false,"release":false,"state":"Clean"},{"stats":[{"name":"max-rss","cnt":2676084.0},{"name":"wall-time","cnt":75.965974894},{"name":"cpu-clock","cnt":136029.682436},{"name":"cycles:u","cnt":509578317924.0},{"name":"instructions:u","cnt":604057517440.0},{"name":"faults","cnt":2959320.0},{"name":"task-clock","cnt":136029.790693}],"check":false,"release":false,"state":"IncrementalStart"},{"stats":[{"name":"wall-time","cnt":23.872788217},{"name":"cpu-clock","cnt":29063.580434},{"name":"faults","cnt":949449.0},{"name":"max-rss","cnt":2955896.0},{"name":"cycles:u","cnt":107798633380.0},{"name":"task-clock","cnt":29064.047696},{"name":"instructions:u","cnt":122285098692.0}],"check":false,"release":false,"state":"IncrementalClean"},{"stats":[{"name":"faults","cnt":2486184.0},{"name":"cpu-clock","cnt":94321.028649},{"name":"instructions:u","cnt":414564602222.0},{"name":"task-clock","cnt":94321.286084},{"name":"cycles:u","cnt":350150700055.0},{"name":"wall-time","cnt":51.853865879},{"name":"max-rss","cnt":3069508.0}],"check":false,"release":false,"state":{"IncrementalPatched":{"index":0,"name":"debugging println","path":"0-debugging-println.patch"}}},{"stats":[{"name":"max-rss","cnt":3285692.0},{"name":"cpu-clock","cnt":115451.860689},{"name":"instructions:u","cnt":494455663425.0},{"name":"faults","cnt":2859215.0},{"name":"wall-time","cnt":60.761644741},{"name":"cycles:u","cnt":429098378518.0},{"name":"task-clock","cnt":115452.077624}],"check":false,"release":false,"state":{"IncrementalPatched":{"index":1,"name":"b9b3e592dd cherry picked","path":"1-b9b3e592dd-cherry-picked.patch"}}},{"stats":[{"name":"wall-time","cnt":83.521723514},{"name":"faults","cnt":1352258.0},{"name":"cycles:u","cnt":1260749525586.0},{"name":"instructions:u","cnt":1039102455321.0},{"name":"task-clock","cnt":333621.242265},{"name":"max-rss","cnt":1930388.0},{"name":"cpu-clock","cnt":333621.461486}],"check":false,"release":true,"state":"Clean"},{"stats":[{"name":"cycles:u","cnt":1187827313592.0},{"name":"task-clock","cnt":314648.020645},{"name":"faults","cnt":1325619.0},{"name":"max-rss","cnt":2544884.0},{"name":"instructions:u","cnt":926297468502.0},{"name":"cpu-clock","cnt":314648.602449},{"name":"wall-time","cnt":78.325232482}],"check":false,"release":true,"state":"IncrementalStart"},{"stats":[{"name":"faults","cnt":867481.0},{"name":"cpu-clock","cnt":34421.64614},{"name":"max-rss","cnt":2830008.0},{"name":"cycles:u","cnt":130190222274.0},{"name":"task-clock","cnt":34422.034062},{"name":"instructions:u","cnt":155505325557.0},{"name":"wall-time","cnt":23.906566952}],"check":false,"release":true,"state":"IncrementalClean"},{"stats":[{"name":"wall-time","cnt":52.815564262},{"name":"max-rss","cnt":2948412.0},{"name":"instructions:u","cnt":649263918148.0},{"name":"cycles:u","cnt":822727936652.0},{"name":"faults","cnt":1264732.0},{"name":"cpu-clock","cnt":218757.140747},{"name":"task-clock","cnt":218756.898396}],"check":false,"release":true,"state":{"IncrementalPatched":{"index":0,"name":"debugging println","path":"0-debugging-println.patch"}}},{"stats":[{"name":"faults","cnt":1419980.0},{"name":"cycles:u","cnt":999643841455.0},{"name":"instructions:u","cnt":770878290387.0},{"name":"cpu-clock","cnt":265791.889262},{"name":"task-clock","cnt":265791.482952},{"name":"max-rss","cnt":3167260.0},{"name":"wall-time","cnt":62.140619359}],"check":false,"release":true,"state":{"IncrementalPatched":{"index":1,"name":"b9b3e592dd cherry picked","path":"1-b9b3e592dd-cherry-picked.patch"}}}],"name":"style-servo"}},"syn":{"Err":"ErrorMessage { msg: \"expected success, got exit code: 101\\n\\nstderr=   Compiling synom v0.11.3 (file:///tmp/rustc-benchmark-syn.SPn1X3zFvssl/synom)\\n   Compiling syn v0.11.11 (file:///tmp/rustc-benchmark-syn.SPn1X3zFvssl)\\nerror: unknown debugging option: `nll`\\n\\nthread \\'main\\' panicked at \\'assertion failed: cmd.status().expect(\\\"failed to spawn\\\").success()\\', collector/src/bin/rustc-fake.rs:34:9\\nnote: Run with `RUST_BACKTRACE=1` for a backtrace.\\nerror: Could not compile `syn`.\\n\\nTo learn more, run the command again with --verbose.\\n\\n\\n stdout=43513567;;instructions:u;12525655;100.00;1.06;insn per cycle\\n40941330;;cycles:u;12525655;100.00;3.269;GHz\\n12.524206;;task-clock;12524206;100.00;0.988;CPUs utilized\\n12.524114;;cpu-clock;12524206;100.00;0.987;CPUs utilized\\n535;;faults;12524206;100.00;0.043;M/sec\\n\" }\n\nstack backtrace:\n   0:     0x55deeb19322e - backtrace::backtrace::libunwind::trace::h01bc686a0973aa6d\n                        at /home/alex/.cargo/registry/src/github.com-1ecc6299db9ec823/backtrace-0.3.5/src/backtrace/libunwind.rs:53\n                         - backtrace::backtrace::trace::h4f48f1f625636bf1\n                        at /home/alex/.cargo/registry/src/github.com-1ecc6299db9ec823/backtrace-0.3.5/src/backtrace/mod.rs:42\n   1:     0x55deeb1932d3 - backtrace::capture::Backtrace::new_unresolved::hb2e5075a7ba46c01\n                        at /home/alex/.cargo/registry/src/github.com-1ecc6299db9ec823/backtrace-0.3.5/src/capture.rs:88\n   2:     0x55deeb0d5f0c - failure::backtrace::internal::InternalBacktrace::new::h2ed0a3d8cf584e39\n                        at /home/alex/.cargo/registry/src/github.com-1ecc6299db9ec823/failure-0.1.1/src/backtrace/internal.rs:44\n                         - failure::backtrace::Backtrace::new::h854e2a56e6ee82ea\n                        at /home/alex/.cargo/registry/src/github.com-1ecc6299db9ec823/failure-0.1.1/src/backtrace/mod.rs:98\n   3:     0x55deeaf131fa - <failure::error::Error as core::convert::From<F>>::from::h379712abcb95c619\n                        at /home/alex/.cargo/registry/src/github.com-1ecc6299db9ec823/failure-0.1.1/src/error.rs:34\n                         - failure::error_message::err_msg::h8e09b8a3832b838b\n                        at /home/alex/.cargo/registry/src/github.com-1ecc6299db9ec823/failure-0.1.1/src/error_message.rs:12\n                         - collector::execute::command_output::hd7cdb9a021eaa0f0\n                        at collector/src/bin/rustc-perf-collector/execute.rs:25\n   4:     0x55deeaf13fed - collector::execute::CargoProcess::run_rustc::h77441dad4493a02a\n                        at collector/src/bin/rustc-perf-collector/execute.rs:176\n   5:     0x55deeaf24dff - collector::execute::Benchmark::run::h6242f8ea51cda084\n                        at collector/src/bin/rustc-perf-collector/execute.rs:357\n                         - collector::bench_commit::hbeeee494a786c8de\n                        at collector/src/bin/rustc-perf-collector/main.rs:78\n   6:     0x55deeaf27761 - collector::process_commit::h7bff71cf51b8e095\n                        at collector/src/bin/rustc-perf-collector/main.rs:148\n   7:     0x55deeaf31029 - collector::process_commits::haf13811ecab9d75e\n                        at collector/src/bin/rustc-perf-collector/main.rs:186\n                         - collector::main_result::h9ef800870750643b\n                        at collector/src/bin/rustc-perf-collector/main.rs:270\n   8:     0x55deeaf28234 - collector::main::h5052f42f3a99ec54\n                        at collector/src/bin/rustc-perf-collector/main.rs:197\n   9:     0x55deeaef4cc5 - std::rt::lang_start::{{closure}}::hbc1691af9ce24e44\n                        at /checkout/src/libstd/rt.rs:74\n  10:     0x55deeb1b17f7 - std::rt::lang_start_internal::{{closure}}::he3cb318c47ed10cc\n                        at libstd/rt.rs:59\n                         - std::panicking::try::do_call::h89f01d582caecd50\n                        at libstd/panicking.rs:306\n  11:     0x55deeb1ca5de - __rust_maybe_catch_panic\n                        at libpanic_unwind/lib.rs:102\n  12:     0x55deeb1b0505 - std::panicking::try::hb70e3bf037be24f4\n                        at libstd/panicking.rs:285\n                         - std::panic::catch_unwind::h58f28f22efd64793\n                        at libstd/panic.rs:361\n                         - std::rt::lang_start_internal::ha183371a8b8e8d77\n                        at libstd/rt.rs:58\n  13:     0x55deeaf33c61 - main\n  14:     0x7f8748c5b82f - __libc_start_main\n  15:     0x55deeaef31d8 - _start\n  16:                0x0 - <unknown>"},"tokio-webpush-simple":{"Err":"ErrorMessage { msg: \"expected success, got exit code: 101\\n\\nstderr=   Compiling webpush-server v0.1.0 (file:///tmp/rustc-benchmark-tokio-webpush-simple.ZhaYx9GIElF6)\\nerror: unknown debugging option: `nll`\\n\\nthread \\'main\\' panicked at \\'assertion failed: cmd.status().expect(\\\"failed to spawn\\\").success()\\', collector/src/bin/rustc-fake.rs:34:9\\nnote: Run with `RUST_BACKTRACE=1` for a backtrace.\\nerror: Could not compile `webpush-server`.\\n\\nTo learn more, run the command again with --verbose.\\n\\n\\n stdout=43508845;;instructions:u;12549616;100.00;1.06;insn per cycle\\n41154673;;cycles:u;12549616;100.00;3.280;GHz\\n12.548529;;task-clock;12548529;100.00;0.988;CPUs utilized\\n12.548379;;cpu-clock;12548529;100.00;0.988;CPUs utilized\\n537;;faults;12548529;100.00;0.043;M/sec\\n\" }\n\nstack backtrace:\n   0:     0x55deeb19322e - backtrace::backtrace::libunwind::trace::h01bc686a0973aa6d\n                        at /home/alex/.cargo/registry/src/github.com-1ecc6299db9ec823/backtrace-0.3.5/src/backtrace/libunwind.rs:53\n                         - backtrace::backtrace::trace::h4f48f1f625636bf1\n                        at /home/alex/.cargo/registry/src/github.com-1ecc6299db9ec823/backtrace-0.3.5/src/backtrace/mod.rs:42\n   1:     0x55deeb1932d3 - backtrace::capture::Backtrace::new_unresolved::hb2e5075a7ba46c01\n                        at /home/alex/.cargo/registry/src/github.com-1ecc6299db9ec823/backtrace-0.3.5/src/capture.rs:88\n   2:     0x55deeb0d5f0c - failure::backtrace::internal::InternalBacktrace::new::h2ed0a3d8cf584e39\n                        at /home/alex/.cargo/registry/src/github.com-1ecc6299db9ec823/failure-0.1.1/src/backtrace/internal.rs:44\n                         - failure::backtrace::Backtrace::new::h854e2a56e6ee82ea\n                        at /home/alex/.cargo/registry/src/github.com-1ecc6299db9ec823/failure-0.1.1/src/backtrace/mod.rs:98\n   3:     0x55deeaf131fa - <failure::error::Error as core::convert::From<F>>::from::h379712abcb95c619\n                        at /home/alex/.cargo/registry/src/github.com-1ecc6299db9ec823/failure-0.1.1/src/error.rs:34\n                         - failure::error_message::err_msg::h8e09b8a3832b838b\n                        at /home/alex/.cargo/registry/src/github.com-1ecc6299db9ec823/failure-0.1.1/src/error_message.rs:12\n                         - collector::execute::command_output::hd7cdb9a021eaa0f0\n                        at collector/src/bin/rustc-perf-collector/execute.rs:25\n   4:     0x55deeaf13fed - collector::execute::CargoProcess::run_rustc::h77441dad4493a02a\n                        at collector/src/bin/rustc-perf-collector/execute.rs:176\n   5:     0x55deeaf24dff - collector::execute::Benchmark::run::h6242f8ea51cda084\n                        at collector/src/bin/rustc-perf-collector/execute.rs:357\n                         - collector::bench_commit::hbeeee494a786c8de\n                        at collector/src/bin/rustc-perf-collector/main.rs:78\n   6:     0x55deeaf27761 - collector::process_commit::h7bff71cf51b8e095\n                        at collector/src/bin/rustc-perf-collector/main.rs:148\n   7:     0x55deeaf31029 - collector::process_commits::haf13811ecab9d75e\n                        at collector/src/bin/rustc-perf-collector/main.rs:186\n                         - collector::main_result::h9ef800870750643b\n                        at collector/src/bin/rustc-perf-collector/main.rs:270\n   8:     0x55deeaf28234 - collector::main::h5052f42f3a99ec54\n                        at collector/src/bin/rustc-perf-collector/main.rs:197\n   9:     0x55deeaef4cc5 - std::rt::lang_start::{{closure}}::hbc1691af9ce24e44\n                        at /checkout/src/libstd/rt.rs:74\n  10:     0x55deeb1b17f7 - std::rt::lang_start_internal::{{closure}}::he3cb318c47ed10cc\n                        at libstd/rt.rs:59\n                         - std::panicking::try::do_call::h89f01d582caecd50\n                        at libstd/panicking.rs:306\n  11:     0x55deeb1ca5de - __rust_maybe_catch_panic\n                        at libpanic_unwind/lib.rs:102\n  12:     0x55deeb1b0505 - std::panicking::try::hb70e3bf037be24f4\n                        at libstd/panicking.rs:285\n                         - std::panic::catch_unwind::h58f28f22efd64793\n                        at libstd/panic.rs:361\n                         - std::rt::lang_start_internal::ha183371a8b8e8d77\n                        at libstd/rt.rs:58\n  13:     0x55deeaf33c61 - main\n  14:     0x7f8748c5b82f - __libc_start_main\n  15:     0x55deeaef31d8 - _start\n  16:                0x0 - <unknown>"},"tuple-stress":{"Err":"ErrorMessage { msg: \"expected success, got exit code: 101\\n\\nstderr=   Compiling tuple-stress v0.1.0 (file:///tmp/rustc-benchmark-tuple-stress.U4pAnMAQsbUp)\\nerror: unknown debugging option: `nll`\\n\\nthread \\'main\\' panicked at \\'assertion failed: cmd.status().expect(\\\"failed to spawn\\\").success()\\', collector/src/bin/rustc-fake.rs:34:9\\nnote: Run with `RUST_BACKTRACE=1` for a backtrace.\\nerror: Could not compile `tuple-stress`.\\n\\nTo learn more, run the command again with --verbose.\\n\\n\\n stdout=43476666;;instructions:u;12525901;100.00;1.06;insn per cycle\\n40904083;;cycles:u;12525901;100.00;3.266;GHz\\n12.524990;;task-clock;12524990;100.00;0.987;CPUs utilized\\n12.525073;;cpu-clock;12524990;100.00;0.987;CPUs utilized\\n537;;faults;12524990;100.00;0.043;M/sec\\n\" }\n\nstack backtrace:\n   0:     0x55deeb19322e - backtrace::backtrace::libunwind::trace::h01bc686a0973aa6d\n                        at /home/alex/.cargo/registry/src/github.com-1ecc6299db9ec823/backtrace-0.3.5/src/backtrace/libunwind.rs:53\n                         - backtrace::backtrace::trace::h4f48f1f625636bf1\n                        at /home/alex/.cargo/registry/src/github.com-1ecc6299db9ec823/backtrace-0.3.5/src/backtrace/mod.rs:42\n   1:     0x55deeb1932d3 - backtrace::capture::Backtrace::new_unresolved::hb2e5075a7ba46c01\n                        at /home/alex/.cargo/registry/src/github.com-1ecc6299db9ec823/backtrace-0.3.5/src/capture.rs:88\n   2:     0x55deeb0d5f0c - failure::backtrace::internal::InternalBacktrace::new::h2ed0a3d8cf584e39\n                        at /home/alex/.cargo/registry/src/github.com-1ecc6299db9ec823/failure-0.1.1/src/backtrace/internal.rs:44\n                         - failure::backtrace::Backtrace::new::h854e2a56e6ee82ea\n                        at /home/alex/.cargo/registry/src/github.com-1ecc6299db9ec823/failure-0.1.1/src/backtrace/mod.rs:98\n   3:     0x55deeaf131fa - <failure::error::Error as core::convert::From<F>>::from::h379712abcb95c619\n                        at /home/alex/.cargo/registry/src/github.com-1ecc6299db9ec823/failure-0.1.1/src/error.rs:34\n                         - failure::error_message::err_msg::h8e09b8a3832b838b\n                        at /home/alex/.cargo/registry/src/github.com-1ecc6299db9ec823/failure-0.1.1/src/error_message.rs:12\n                         - collector::execute::command_output::hd7cdb9a021eaa0f0\n                        at collector/src/bin/rustc-perf-collector/execute.rs:25\n   4:     0x55deeaf13fed - collector::execute::CargoProcess::run_rustc::h77441dad4493a02a\n                        at collector/src/bin/rustc-perf-collector/execute.rs:176\n   5:     0x55deeaf24dff - collector::execute::Benchmark::run::h6242f8ea51cda084\n                        at collector/src/bin/rustc-perf-collector/execute.rs:357\n                         - collector::bench_commit::hbeeee494a786c8de\n                        at collector/src/bin/rustc-perf-collector/main.rs:78\n   6:     0x55deeaf27761 - collector::process_commit::h7bff71cf51b8e095\n                        at collector/src/bin/rustc-perf-collector/main.rs:148\n   7:     0x55deeaf31029 - collector::process_commits::haf13811ecab9d75e\n                        at collector/src/bin/rustc-perf-collector/main.rs:186\n                         - collector::main_result::h9ef800870750643b\n                        at collector/src/bin/rustc-perf-collector/main.rs:270\n   8:     0x55deeaf28234 - collector::main::h5052f42f3a99ec54\n                        at collector/src/bin/rustc-perf-collector/main.rs:197\n   9:     0x55deeaef4cc5 - std::rt::lang_start::{{closure}}::hbc1691af9ce24e44\n                        at /checkout/src/libstd/rt.rs:74\n  10:     0x55deeb1b17f7 - std::rt::lang_start_internal::{{closure}}::he3cb318c47ed10cc\n                        at libstd/rt.rs:59\n                         - std::panicking::try::do_call::h89f01d582caecd50\n                        at libstd/panicking.rs:306\n  11:     0x55deeb1ca5de - __rust_maybe_catch_panic\n                        at libpanic_unwind/lib.rs:102\n  12:     0x55deeb1b0505 - std::panicking::try::hb70e3bf037be24f4\n                        at libstd/panicking.rs:285\n                         - std::panic::catch_unwind::h58f28f22efd64793\n                        at libstd/panic.rs:361\n                         - std::rt::lang_start_internal::ha183371a8b8e8d77\n                        at libstd/rt.rs:58\n  13:     0x55deeaf33c61 - main\n  14:     0x7f8748c5b82f - __libc_start_main\n  15:     0x55deeaef31d8 - _start\n  16:                0x0 - <unknown>"},"unify-linearly":{"Err":"ErrorMessage { msg: \"expected success, got exit code: 101\\n\\nstderr=   Compiling issue-32062-equality-relations-complexity v0.1.0 (file:///tmp/rustc-benchmark-unify-linearly.9dVNUfdJZMNp)\\nerror: unknown debugging option: `nll`\\n\\nthread \\'main\\' panicked at \\'assertion failed: cmd.status().expect(\\\"failed to spawn\\\").success()\\', collector/src/bin/rustc-fake.rs:34:9\\nnote: Run with `RUST_BACKTRACE=1` for a backtrace.\\nerror: Could not compile `issue-32062-equality-relations-complexity`.\\n\\nTo learn more, run the command again with --verbose.\\n\\n\\n stdout=43475264;;instructions:u;12452721;100.00;1.06;insn per cycle\\n40924598;;cycles:u;12452721;100.00;3.287;GHz\\n12.451322;;task-clock;12451322;100.00;0.986;CPUs utilized\\n12.451382;;cpu-clock;12451322;100.00;0.986;CPUs utilized\\n532;;faults;12451322;100.00;0.043;M/sec\\n\" }\n\nstack backtrace:\n   0:     0x55deeb19322e - backtrace::backtrace::libunwind::trace::h01bc686a0973aa6d\n                        at /home/alex/.cargo/registry/src/github.com-1ecc6299db9ec823/backtrace-0.3.5/src/backtrace/libunwind.rs:53\n                         - backtrace::backtrace::trace::h4f48f1f625636bf1\n                        at /home/alex/.cargo/registry/src/github.com-1ecc6299db9ec823/backtrace-0.3.5/src/backtrace/mod.rs:42\n   1:     0x55deeb1932d3 - backtrace::capture::Backtrace::new_unresolved::hb2e5075a7ba46c01\n                        at /home/alex/.cargo/registry/src/github.com-1ecc6299db9ec823/backtrace-0.3.5/src/capture.rs:88\n   2:     0x55deeb0d5f0c - failure::backtrace::internal::InternalBacktrace::new::h2ed0a3d8cf584e39\n                        at /home/alex/.cargo/registry/src/github.com-1ecc6299db9ec823/failure-0.1.1/src/backtrace/internal.rs:44\n                         - failure::backtrace::Backtrace::new::h854e2a56e6ee82ea\n                        at /home/alex/.cargo/registry/src/github.com-1ecc6299db9ec823/failure-0.1.1/src/backtrace/mod.rs:98\n   3:     0x55deeaf131fa - <failure::error::Error as core::convert::From<F>>::from::h379712abcb95c619\n                        at /home/alex/.cargo/registry/src/github.com-1ecc6299db9ec823/failure-0.1.1/src/error.rs:34\n                         - failure::error_message::err_msg::h8e09b8a3832b838b\n                        at /home/alex/.cargo/registry/src/github.com-1ecc6299db9ec823/failure-0.1.1/src/error_message.rs:12\n                         - collector::execute::command_output::hd7cdb9a021eaa0f0\n                        at collector/src/bin/rustc-perf-collector/execute.rs:25\n   4:     0x55deeaf13fed - collector::execute::CargoProcess::run_rustc::h77441dad4493a02a\n                        at collector/src/bin/rustc-perf-collector/execute.rs:176\n   5:     0x55deeaf24dff - collector::execute::Benchmark::run::h6242f8ea51cda084\n                        at collector/src/bin/rustc-perf-collector/execute.rs:357\n                         - collector::bench_commit::hbeeee494a786c8de\n                        at collector/src/bin/rustc-perf-collector/main.rs:78\n   6:     0x55deeaf27761 - collector::process_commit::h7bff71cf51b8e095\n                        at collector/src/bin/rustc-perf-collector/main.rs:148\n   7:     0x55deeaf31029 - collector::process_commits::haf13811ecab9d75e\n                        at collector/src/bin/rustc-perf-collector/main.rs:186\n                         - collector::main_result::h9ef800870750643b\n                        at collector/src/bin/rustc-perf-collector/main.rs:270\n   8:     0x55deeaf28234 - collector::main::h5052f42f3a99ec54\n                        at collector/src/bin/rustc-perf-collector/main.rs:197\n   9:     0x55deeaef4cc5 - std::rt::lang_start::{{closure}}::hbc1691af9ce24e44\n                        at /checkout/src/libstd/rt.rs:74\n  10:     0x55deeb1b17f7 - std::rt::lang_start_internal::{{closure}}::he3cb318c47ed10cc\n                        at libstd/rt.rs:59\n                         - std::panicking::try::do_call::h89f01d582caecd50\n                        at libstd/panicking.rs:306\n  11:     0x55deeb1ca5de - __rust_maybe_catch_panic\n                        at libpanic_unwind/lib.rs:102\n  12:     0x55deeb1b0505 - std::panicking::try::hb70e3bf037be24f4\n                        at libstd/panicking.rs:285\n                         - std::panic::catch_unwind::h58f28f22efd64793\n                        at libstd/panic.rs:361\n                         - std::rt::lang_start_internal::ha183371a8b8e8d77\n                        at libstd/rt.rs:58\n  13:     0x55deeaf33c61 - main\n  14:     0x7f8748c5b82f - __libc_start_main\n  15:     0x55deeaef31d8 - _start\n  16:                0x0 - <unknown>"},"unused-warnings":{"Err":"ErrorMessage { msg: \"expected success, got exit code: 101\\n\\nstderr=   Compiling issue-43572-unused-uses v0.1.0 (file:///tmp/rustc-benchmark-unused-warnings.ZrMAelXdubIR)\\nerror: unknown debugging option: `nll`\\n\\nthread \\'main\\' panicked at \\'assertion failed: cmd.status().expect(\\\"failed to spawn\\\").success()\\', collector/src/bin/rustc-fake.rs:34:9\\nnote: Run with `RUST_BACKTRACE=1` for a backtrace.\\nerror: Could not compile `issue-43572-unused-uses`.\\n\\nTo learn more, run the command again with --verbose.\\n\\n\\n stdout=43471778;;instructions:u;13139932;100.00;1.01;insn per cycle\\n43145968;;cycles:u;13139932;100.00;3.284;GHz\\n13.138062;;task-clock;13138062;100.00;0.987;CPUs utilized\\n13.138109;;cpu-clock;13138062;100.00;0.987;CPUs utilized\\n538;;faults;13138062;100.00;0.041;M/sec\\n\" }\n\nstack backtrace:\n   0:     0x55deeb19322e - backtrace::backtrace::libunwind::trace::h01bc686a0973aa6d\n                        at /home/alex/.cargo/registry/src/github.com-1ecc6299db9ec823/backtrace-0.3.5/src/backtrace/libunwind.rs:53\n                         - backtrace::backtrace::trace::h4f48f1f625636bf1\n                        at /home/alex/.cargo/registry/src/github.com-1ecc6299db9ec823/backtrace-0.3.5/src/backtrace/mod.rs:42\n   1:     0x55deeb1932d3 - backtrace::capture::Backtrace::new_unresolved::hb2e5075a7ba46c01\n                        at /home/alex/.cargo/registry/src/github.com-1ecc6299db9ec823/backtrace-0.3.5/src/capture.rs:88\n   2:     0x55deeb0d5f0c - failure::backtrace::internal::InternalBacktrace::new::h2ed0a3d8cf584e39\n                        at /home/alex/.cargo/registry/src/github.com-1ecc6299db9ec823/failure-0.1.1/src/backtrace/internal.rs:44\n                         - failure::backtrace::Backtrace::new::h854e2a56e6ee82ea\n                        at /home/alex/.cargo/registry/src/github.com-1ecc6299db9ec823/failure-0.1.1/src/backtrace/mod.rs:98\n   3:     0x55deeaf131fa - <failure::error::Error as core::convert::From<F>>::from::h379712abcb95c619\n                        at /home/alex/.cargo/registry/src/github.com-1ecc6299db9ec823/failure-0.1.1/src/error.rs:34\n                         - failure::error_message::err_msg::h8e09b8a3832b838b\n                        at /home/alex/.cargo/registry/src/github.com-1ecc6299db9ec823/failure-0.1.1/src/error_message.rs:12\n                         - collector::execute::command_output::hd7cdb9a021eaa0f0\n                        at collector/src/bin/rustc-perf-collector/execute.rs:25\n   4:     0x55deeaf13fed - collector::execute::CargoProcess::run_rustc::h77441dad4493a02a\n                        at collector/src/bin/rustc-perf-collector/execute.rs:176\n   5:     0x55deeaf24dff - collector::execute::Benchmark::run::h6242f8ea51cda084\n                        at collector/src/bin/rustc-perf-collector/execute.rs:357\n                         - collector::bench_commit::hbeeee494a786c8de\n                        at collector/src/bin/rustc-perf-collector/main.rs:78\n   6:     0x55deeaf27761 - collector::process_commit::h7bff71cf51b8e095\n                        at collector/src/bin/rustc-perf-collector/main.rs:148\n   7:     0x55deeaf31029 - collector::process_commits::haf13811ecab9d75e\n                        at collector/src/bin/rustc-perf-collector/main.rs:186\n                         - collector::main_result::h9ef800870750643b\n                        at collector/src/bin/rustc-perf-collector/main.rs:270\n   8:     0x55deeaf28234 - collector::main::h5052f42f3a99ec54\n                        at collector/src/bin/rustc-perf-collector/main.rs:197\n   9:     0x55deeaef4cc5 - std::rt::lang_start::{{closure}}::hbc1691af9ce24e44\n                        at /checkout/src/libstd/rt.rs:74\n  10:     0x55deeb1b17f7 - std::rt::lang_start_internal::{{closure}}::he3cb318c47ed10cc\n                        at libstd/rt.rs:59\n                         - std::panicking::try::do_call::h89f01d582caecd50\n                        at libstd/panicking.rs:306\n  11:     0x55deeb1ca5de - __rust_maybe_catch_panic\n                        at libpanic_unwind/lib.rs:102\n  12:     0x55deeb1b0505 - std::panicking::try::hb70e3bf037be24f4\n                        at libstd/panicking.rs:285\n                         - std::panic::catch_unwind::h58f28f22efd64793\n                        at libstd/panic.rs:361\n                         - std::rt::lang_start_internal::ha183371a8b8e8d77\n                        at libstd/rt.rs:58\n  13:     0x55deeaf33c61 - main\n  14:     0x7f8748c5b82f - __libc_start_main\n  15:     0x55deeaef31d8 - _start\n  16:                0x0 - <unknown>"}},"triple":"x86_64-unknown-linux-gnu"}